<?xml version="1.0" encoding="UTF-8"?>
<!-- Generated by org.testng.reporters.JUnitXMLReporter -->
<testsuite hostname="Chaipoints-MacBook-Air.local" name="validParameters" tests="1" failures="1" timestamp="8 Jan 2020 10:35:28 GMT" time="0.114" errors="0">
  <testcase name="testHeartbeat" time="0.104" classname="cool.fountain.online.web.test.event.master.TestHeartbeatTestNg">
    <failure type="java.lang.AssertionError" message="Response body expected:&amp;lt;true&amp;gt; but was:&amp;lt;{&amp;quot;errorCode&amp;quot;:&amp;quot;INVALID_TERMINAL_ID&amp;quot;,&amp;quot;message&amp;quot;:&amp;quot;INVALID_TERMINAL_ID&amp;quot;}&amp;gt;

&amp;gt; POST https://testing.chaipoint.com/qa3/outlet-pos-api/api/event/heartbeat
&amp;gt; Content-Length: [52]
&amp;gt; WebTestClient-Request-Id: [1]
&amp;gt; service.auth.key: [1234567]
&amp;gt; Content-Type: [application/json]

{
  &amp;quot;terminalId&amp;quot;: &amp;quot;T00001&amp;quot;,
  &amp;quot;timestamp&amp;quot;: 1234567
}

&amp;lt; 200 OK OK
&amp;lt; Date: [Wed, 08 Jan 2020 10:35:23 GMT]
&amp;lt; Content-Type: [application/json;charset=UTF-8]
&amp;lt; Transfer-Encoding: [chunked]
&amp;lt; Connection: [keep-alive]
&amp;lt; Access-Control-Allow-Headers: [Content-Type, Cookie, service.auth.key]
&amp;lt; Access-Control-Allow-Credentials: [true]
&amp;lt; Access-Control-Max-Age: [86400]
&amp;lt; X-Content-Type-Options: [nosniff]
&amp;lt; X-XSS-Protection: [1; mode=block]
&amp;lt; Cache-Control: [no-cache, no-store, max-age=0, must-revalidate]
&amp;lt; Pragma: [no-cache]
&amp;lt; Expires: [0]
&amp;lt; X-Frame-Options: [DENY]

{&amp;quot;errorCode&amp;quot;:&amp;quot;INVALID_TERMINAL_ID&amp;quot;,&amp;quot;message&amp;quot;:&amp;quot;INVALID_TERMINAL_ID&amp;quot;}
">
      <![CDATA[java.lang.AssertionError: Response body expected:<true> but was:<{"errorCode":"INVALID_TERMINAL_ID","message":"INVALID_TERMINAL_ID"}>

> POST https://testing.chaipoint.com/qa3/outlet-pos-api/api/event/heartbeat
> Content-Length: [52]
> WebTestClient-Request-Id: [1]
> service.auth.key: [1234567]
> Content-Type: [application/json]

{
  "terminalId": "T00001",
  "timestamp": 1234567
}

< 200 OK OK
< Date: [Wed, 08 Jan 2020 10:35:23 GMT]
< Content-Type: [application/json;charset=UTF-8]
< Transfer-Encoding: [chunked]
< Connection: [keep-alive]
< Access-Control-Allow-Headers: [Content-Type, Cookie, service.auth.key]
< Access-Control-Allow-Credentials: [true]
< Access-Control-Max-Age: [86400]
< X-Content-Type-Options: [nosniff]
< X-XSS-Protection: [1; mode=block]
< Cache-Control: [no-cache, no-store, max-age=0, must-revalidate]
< Pragma: [no-cache]
< Expires: [0]
< X-Frame-Options: [DENY]

{"errorCode":"INVALID_TERMINAL_ID","message":"INVALID_TERMINAL_ID"}

	at org.springframework.test.web.reactive.server.ExchangeResult.assertWithDiagnostics(ExchangeResult.java:200)
	at org.springframework.test.web.reactive.server.DefaultWebTestClient$DefaultBodySpec.isEqualTo(DefaultWebTestClient.java:385)
	at cool.fountain.online.web.test.event.master.TestHeartbeatTestNg.testHeartbeat(TestHeartbeatTestNg.java:65)
	at org.springframework.test.context.testng.AbstractTestNGSpringContextTests.run(AbstractTestNGSpringContextTests.java:180)
	at org.apache.maven.surefire.testng.TestNGExecutor.run(TestNGExecutor.java:283)
	at org.apache.maven.surefire.testng.TestNGXmlTestSuite.execute(TestNGXmlTestSuite.java:75)
	at org.apache.maven.surefire.testng.TestNGProvider.invoke(TestNGProvider.java:120)
	at org.apache.maven.surefire.booter.ForkedBooter.invokeProviderInSameClassLoader(ForkedBooter.java:384)
	at org.apache.maven.surefire.booter.ForkedBooter.runSuitesInProcess(ForkedBooter.java:345)
	at org.apache.maven.surefire.booter.ForkedBooter.execute(ForkedBooter.java:126)
	at org.apache.maven.surefire.booter.ForkedBooter.main(ForkedBooter.java:418)
Caused by: java.lang.AssertionError: Response body expected:<true> but was:<{"errorCode":"INVALID_TERMINAL_ID","message":"INVALID_TERMINAL_ID"}>
	at org.springframework.test.util.AssertionErrors.fail(AssertionErrors.java:55)
	at org.springframework.test.util.AssertionErrors.assertEquals(AssertionErrors.java:82)
	at org.springframework.test.web.reactive.server.DefaultWebTestClient$DefaultBodySpec.lambda$isEqualTo$0(DefaultWebTestClient.java:386)
	at org.springframework.test.web.reactive.server.ExchangeResult.assertWithDiagnostics(ExchangeResult.java:197)
	... 38 more
... Removed 28 stack frames]]>
    </failure>
  </testcase> <!-- testHeartbeat -->
</testsuite> <!-- validParameters -->
