<?xml version="1.0" encoding="UTF-8"?>
<!-- Generated by org.testng.reporters.JUnitXMLReporter -->
<testsuite hostname="Chaipoints-MacBook-Air.local" name="getAllProductsLoadTest" tests="100" failures="100" timestamp="29 Nov 2019 12:18:46 GMT" time="46.909" errors="0">
  <testcase name="testGetProductCatalogueLoad" time="7.301" classname="cool.fountain.online.web.test.catalogue.master.TestGetProductCatalogueApiTestNg">
    <failure type="java.lang.AssertionError" message="Response time of GetProductCatalogue call more than: 500 expected [true] but found [false]">
      <![CDATA[java.lang.AssertionError: Response time of GetProductCatalogue call more than: 500 expected [true] but found [false]
	at cool.fountain.online.web.test.catalogue.master.TestGetProductCatalogueApiTestNg.testGetProductCatalogueLoad(TestGetProductCatalogueApiTestNg.java:76)
	at org.springframework.test.context.testng.AbstractTestNGSpringContextTests.run(AbstractTestNGSpringContextTests.java:180)
	at java.util.concurrent.FutureTask.run(FutureTask.java:266)
	at java.util.concurrent.ThreadPoolExecutor.runWorker(ThreadPoolExecutor.java:1149)
	at java.util.concurrent.ThreadPoolExecutor$Worker.run(ThreadPoolExecutor.java:624)
	at java.lang.Thread.run(Thread.java:748)
... Removed 20 stack frames]]>
    </failure>
  </testcase> <!-- testGetProductCatalogueLoad -->
  <testcase name="testGetProductCatalogueLoad" time="7.285" classname="cool.fountain.online.web.test.catalogue.master.TestGetProductCatalogueApiTestNg">
    <failure type="java.lang.AssertionError" message="Response time of GetProductCatalogue call more than: 500 expected [true] but found [false]">
      <![CDATA[java.lang.AssertionError: Response time of GetProductCatalogue call more than: 500 expected [true] but found [false]
	at cool.fountain.online.web.test.catalogue.master.TestGetProductCatalogueApiTestNg.testGetProductCatalogueLoad(TestGetProductCatalogueApiTestNg.java:76)
	at org.springframework.test.context.testng.AbstractTestNGSpringContextTests.run(AbstractTestNGSpringContextTests.java:180)
	at java.util.concurrent.FutureTask.run(FutureTask.java:266)
	at java.util.concurrent.ThreadPoolExecutor.runWorker(ThreadPoolExecutor.java:1149)
	at java.util.concurrent.ThreadPoolExecutor$Worker.run(ThreadPoolExecutor.java:624)
	at java.lang.Thread.run(Thread.java:748)
... Removed 20 stack frames]]>
    </failure>
  </testcase> <!-- testGetProductCatalogueLoad -->
  <testcase name="testGetProductCatalogueLoad" time="7.327" classname="cool.fountain.online.web.test.catalogue.master.TestGetProductCatalogueApiTestNg">
    <failure type="java.lang.AssertionError" message="Response time of GetProductCatalogue call more than: 500 expected [true] but found [false]">
      <![CDATA[java.lang.AssertionError: Response time of GetProductCatalogue call more than: 500 expected [true] but found [false]
	at cool.fountain.online.web.test.catalogue.master.TestGetProductCatalogueApiTestNg.testGetProductCatalogueLoad(TestGetProductCatalogueApiTestNg.java:76)
	at org.springframework.test.context.testng.AbstractTestNGSpringContextTests.run(AbstractTestNGSpringContextTests.java:180)
	at java.util.concurrent.FutureTask.run(FutureTask.java:266)
	at java.util.concurrent.ThreadPoolExecutor.runWorker(ThreadPoolExecutor.java:1149)
	at java.util.concurrent.ThreadPoolExecutor$Worker.run(ThreadPoolExecutor.java:624)
	at java.lang.Thread.run(Thread.java:748)
... Removed 20 stack frames]]>
    </failure>
  </testcase> <!-- testGetProductCatalogueLoad -->
  <testcase name="testGetProductCatalogueLoad" time="8.097" classname="cool.fountain.online.web.test.catalogue.master.TestGetProductCatalogueApiTestNg">
    <failure type="java.lang.AssertionError" message="Response time of GetProductCatalogue call more than: 500 expected [true] but found [false]">
      <![CDATA[java.lang.AssertionError: Response time of GetProductCatalogue call more than: 500 expected [true] but found [false]
	at cool.fountain.online.web.test.catalogue.master.TestGetProductCatalogueApiTestNg.testGetProductCatalogueLoad(TestGetProductCatalogueApiTestNg.java:76)
	at org.springframework.test.context.testng.AbstractTestNGSpringContextTests.run(AbstractTestNGSpringContextTests.java:180)
	at java.util.concurrent.FutureTask.run(FutureTask.java:266)
	at java.util.concurrent.ThreadPoolExecutor.runWorker(ThreadPoolExecutor.java:1149)
	at java.util.concurrent.ThreadPoolExecutor$Worker.run(ThreadPoolExecutor.java:624)
	at java.lang.Thread.run(Thread.java:748)
... Removed 20 stack frames]]>
    </failure>
  </testcase> <!-- testGetProductCatalogueLoad -->
  <testcase name="testGetProductCatalogueLoad" time="8.18" classname="cool.fountain.online.web.test.catalogue.master.TestGetProductCatalogueApiTestNg">
    <failure type="java.lang.AssertionError" message="Response time of GetProductCatalogue call more than: 500 expected [true] but found [false]">
      <![CDATA[java.lang.AssertionError: Response time of GetProductCatalogue call more than: 500 expected [true] but found [false]
	at cool.fountain.online.web.test.catalogue.master.TestGetProductCatalogueApiTestNg.testGetProductCatalogueLoad(TestGetProductCatalogueApiTestNg.java:76)
	at org.springframework.test.context.testng.AbstractTestNGSpringContextTests.run(AbstractTestNGSpringContextTests.java:180)
	at java.util.concurrent.FutureTask.run(FutureTask.java:266)
	at java.util.concurrent.ThreadPoolExecutor.runWorker(ThreadPoolExecutor.java:1149)
	at java.util.concurrent.ThreadPoolExecutor$Worker.run(ThreadPoolExecutor.java:624)
	at java.lang.Thread.run(Thread.java:748)
... Removed 20 stack frames]]>
    </failure>
  </testcase> <!-- testGetProductCatalogueLoad -->
  <testcase name="testGetProductCatalogueLoad" time="8.261" classname="cool.fountain.online.web.test.catalogue.master.TestGetProductCatalogueApiTestNg">
    <failure type="java.lang.AssertionError" message="Response time of GetProductCatalogue call more than: 500 expected [true] but found [false]">
      <![CDATA[java.lang.AssertionError: Response time of GetProductCatalogue call more than: 500 expected [true] but found [false]
	at cool.fountain.online.web.test.catalogue.master.TestGetProductCatalogueApiTestNg.testGetProductCatalogueLoad(TestGetProductCatalogueApiTestNg.java:76)
	at org.springframework.test.context.testng.AbstractTestNGSpringContextTests.run(AbstractTestNGSpringContextTests.java:180)
	at java.util.concurrent.FutureTask.run(FutureTask.java:266)
	at java.util.concurrent.ThreadPoolExecutor.runWorker(ThreadPoolExecutor.java:1149)
	at java.util.concurrent.ThreadPoolExecutor$Worker.run(ThreadPoolExecutor.java:624)
	at java.lang.Thread.run(Thread.java:748)
... Removed 20 stack frames]]>
    </failure>
  </testcase> <!-- testGetProductCatalogueLoad -->
  <testcase name="testGetProductCatalogueLoad" time="8.246" classname="cool.fountain.online.web.test.catalogue.master.TestGetProductCatalogueApiTestNg">
    <failure type="java.lang.AssertionError" message="Response time of GetProductCatalogue call more than: 500 expected [true] but found [false]">
      <![CDATA[java.lang.AssertionError: Response time of GetProductCatalogue call more than: 500 expected [true] but found [false]
	at cool.fountain.online.web.test.catalogue.master.TestGetProductCatalogueApiTestNg.testGetProductCatalogueLoad(TestGetProductCatalogueApiTestNg.java:76)
	at org.springframework.test.context.testng.AbstractTestNGSpringContextTests.run(AbstractTestNGSpringContextTests.java:180)
	at java.util.concurrent.FutureTask.run(FutureTask.java:266)
	at java.util.concurrent.ThreadPoolExecutor.runWorker(ThreadPoolExecutor.java:1149)
	at java.util.concurrent.ThreadPoolExecutor$Worker.run(ThreadPoolExecutor.java:624)
	at java.lang.Thread.run(Thread.java:748)
... Removed 20 stack frames]]>
    </failure>
  </testcase> <!-- testGetProductCatalogueLoad -->
  <testcase name="testGetProductCatalogueLoad" time="8.328" classname="cool.fountain.online.web.test.catalogue.master.TestGetProductCatalogueApiTestNg">
    <failure type="java.lang.AssertionError" message="Response time of GetProductCatalogue call more than: 500 expected [true] but found [false]">
      <![CDATA[java.lang.AssertionError: Response time of GetProductCatalogue call more than: 500 expected [true] but found [false]
	at cool.fountain.online.web.test.catalogue.master.TestGetProductCatalogueApiTestNg.testGetProductCatalogueLoad(TestGetProductCatalogueApiTestNg.java:76)
	at org.springframework.test.context.testng.AbstractTestNGSpringContextTests.run(AbstractTestNGSpringContextTests.java:180)
	at java.util.concurrent.FutureTask.run(FutureTask.java:266)
	at java.util.concurrent.ThreadPoolExecutor.runWorker(ThreadPoolExecutor.java:1149)
	at java.util.concurrent.ThreadPoolExecutor$Worker.run(ThreadPoolExecutor.java:624)
	at java.lang.Thread.run(Thread.java:748)
... Removed 20 stack frames]]>
    </failure>
  </testcase> <!-- testGetProductCatalogueLoad -->
  <testcase name="testGetProductCatalogueLoad" time="8.437" classname="cool.fountain.online.web.test.catalogue.master.TestGetProductCatalogueApiTestNg">
    <failure type="java.lang.AssertionError" message="Response time of GetProductCatalogue call more than: 500 expected [true] but found [false]">
      <![CDATA[java.lang.AssertionError: Response time of GetProductCatalogue call more than: 500 expected [true] but found [false]
	at cool.fountain.online.web.test.catalogue.master.TestGetProductCatalogueApiTestNg.testGetProductCatalogueLoad(TestGetProductCatalogueApiTestNg.java:76)
	at org.springframework.test.context.testng.AbstractTestNGSpringContextTests.run(AbstractTestNGSpringContextTests.java:180)
	at java.util.concurrent.FutureTask.run(FutureTask.java:266)
	at java.util.concurrent.ThreadPoolExecutor.runWorker(ThreadPoolExecutor.java:1149)
	at java.util.concurrent.ThreadPoolExecutor$Worker.run(ThreadPoolExecutor.java:624)
	at java.lang.Thread.run(Thread.java:748)
... Removed 20 stack frames]]>
    </failure>
  </testcase> <!-- testGetProductCatalogueLoad -->
  <testcase name="testGetProductCatalogueLoad" time="8.445" classname="cool.fountain.online.web.test.catalogue.master.TestGetProductCatalogueApiTestNg">
    <failure type="java.lang.AssertionError" message="Response time of GetProductCatalogue call more than: 500 expected [true] but found [false]">
      <![CDATA[java.lang.AssertionError: Response time of GetProductCatalogue call more than: 500 expected [true] but found [false]
	at cool.fountain.online.web.test.catalogue.master.TestGetProductCatalogueApiTestNg.testGetProductCatalogueLoad(TestGetProductCatalogueApiTestNg.java:76)
	at org.springframework.test.context.testng.AbstractTestNGSpringContextTests.run(AbstractTestNGSpringContextTests.java:180)
	at java.util.concurrent.FutureTask.run(FutureTask.java:266)
	at java.util.concurrent.ThreadPoolExecutor.runWorker(ThreadPoolExecutor.java:1149)
	at java.util.concurrent.ThreadPoolExecutor$Worker.run(ThreadPoolExecutor.java:624)
	at java.lang.Thread.run(Thread.java:748)
... Removed 20 stack frames]]>
    </failure>
  </testcase> <!-- testGetProductCatalogueLoad -->
  <testcase name="testGetProductCatalogueLoad" time="1.159" classname="cool.fountain.online.web.test.catalogue.master.TestGetProductCatalogueApiTestNg">
    <failure type="java.lang.AssertionError" message="Response time of GetProductCatalogue call more than: 500 expected [true] but found [false]">
      <![CDATA[java.lang.AssertionError: Response time of GetProductCatalogue call more than: 500 expected [true] but found [false]
	at cool.fountain.online.web.test.catalogue.master.TestGetProductCatalogueApiTestNg.testGetProductCatalogueLoad(TestGetProductCatalogueApiTestNg.java:76)
	at org.springframework.test.context.testng.AbstractTestNGSpringContextTests.run(AbstractTestNGSpringContextTests.java:180)
	at java.util.concurrent.FutureTask.run(FutureTask.java:266)
	at java.util.concurrent.ThreadPoolExecutor.runWorker(ThreadPoolExecutor.java:1149)
	at java.util.concurrent.ThreadPoolExecutor$Worker.run(ThreadPoolExecutor.java:624)
	at java.lang.Thread.run(Thread.java:748)
... Removed 20 stack frames]]>
    </failure>
  </testcase> <!-- testGetProductCatalogueLoad -->
  <testcase name="testGetProductCatalogueLoad" time="1.176" classname="cool.fountain.online.web.test.catalogue.master.TestGetProductCatalogueApiTestNg">
    <failure type="java.lang.AssertionError" message="Response time of GetProductCatalogue call more than: 500 expected [true] but found [false]">
      <![CDATA[java.lang.AssertionError: Response time of GetProductCatalogue call more than: 500 expected [true] but found [false]
	at cool.fountain.online.web.test.catalogue.master.TestGetProductCatalogueApiTestNg.testGetProductCatalogueLoad(TestGetProductCatalogueApiTestNg.java:76)
	at org.springframework.test.context.testng.AbstractTestNGSpringContextTests.run(AbstractTestNGSpringContextTests.java:180)
	at java.util.concurrent.FutureTask.run(FutureTask.java:266)
	at java.util.concurrent.ThreadPoolExecutor.runWorker(ThreadPoolExecutor.java:1149)
	at java.util.concurrent.ThreadPoolExecutor$Worker.run(ThreadPoolExecutor.java:624)
	at java.lang.Thread.run(Thread.java:748)
... Removed 20 stack frames]]>
    </failure>
  </testcase> <!-- testGetProductCatalogueLoad -->
  <testcase name="testGetProductCatalogueLoad" time="1.208" classname="cool.fountain.online.web.test.catalogue.master.TestGetProductCatalogueApiTestNg">
    <failure type="java.lang.AssertionError" message="Response time of GetProductCatalogue call more than: 500 expected [true] but found [false]">
      <![CDATA[java.lang.AssertionError: Response time of GetProductCatalogue call more than: 500 expected [true] but found [false]
	at cool.fountain.online.web.test.catalogue.master.TestGetProductCatalogueApiTestNg.testGetProductCatalogueLoad(TestGetProductCatalogueApiTestNg.java:76)
	at org.springframework.test.context.testng.AbstractTestNGSpringContextTests.run(AbstractTestNGSpringContextTests.java:180)
	at java.util.concurrent.FutureTask.run(FutureTask.java:266)
	at java.util.concurrent.ThreadPoolExecutor.runWorker(ThreadPoolExecutor.java:1149)
	at java.util.concurrent.ThreadPoolExecutor$Worker.run(ThreadPoolExecutor.java:624)
	at java.lang.Thread.run(Thread.java:748)
... Removed 20 stack frames]]>
    </failure>
  </testcase> <!-- testGetProductCatalogueLoad -->
  <testcase name="testGetProductCatalogueLoad" time="1.125" classname="cool.fountain.online.web.test.catalogue.master.TestGetProductCatalogueApiTestNg">
    <failure type="java.lang.AssertionError" message="Response time of GetProductCatalogue call more than: 500 expected [true] but found [false]">
      <![CDATA[java.lang.AssertionError: Response time of GetProductCatalogue call more than: 500 expected [true] but found [false]
	at cool.fountain.online.web.test.catalogue.master.TestGetProductCatalogueApiTestNg.testGetProductCatalogueLoad(TestGetProductCatalogueApiTestNg.java:76)
	at org.springframework.test.context.testng.AbstractTestNGSpringContextTests.run(AbstractTestNGSpringContextTests.java:180)
	at java.util.concurrent.FutureTask.run(FutureTask.java:266)
	at java.util.concurrent.ThreadPoolExecutor.runWorker(ThreadPoolExecutor.java:1149)
	at java.util.concurrent.ThreadPoolExecutor$Worker.run(ThreadPoolExecutor.java:624)
	at java.lang.Thread.run(Thread.java:748)
... Removed 18 stack frames]]>
    </failure>
  </testcase> <!-- testGetProductCatalogueLoad -->
  <testcase name="testGetProductCatalogueLoad" time="1.396" classname="cool.fountain.online.web.test.catalogue.master.TestGetProductCatalogueApiTestNg">
    <failure type="java.lang.AssertionError" message="Response time of GetProductCatalogue call more than: 500 expected [true] but found [false]">
      <![CDATA[java.lang.AssertionError: Response time of GetProductCatalogue call more than: 500 expected [true] but found [false]
	at cool.fountain.online.web.test.catalogue.master.TestGetProductCatalogueApiTestNg.testGetProductCatalogueLoad(TestGetProductCatalogueApiTestNg.java:76)
	at org.springframework.test.context.testng.AbstractTestNGSpringContextTests.run(AbstractTestNGSpringContextTests.java:180)
	at java.util.concurrent.FutureTask.run(FutureTask.java:266)
	at java.util.concurrent.ThreadPoolExecutor.runWorker(ThreadPoolExecutor.java:1149)
	at java.util.concurrent.ThreadPoolExecutor$Worker.run(ThreadPoolExecutor.java:624)
	at java.lang.Thread.run(Thread.java:748)
... Removed 20 stack frames]]>
    </failure>
  </testcase> <!-- testGetProductCatalogueLoad -->
  <testcase name="testGetProductCatalogueLoad" time="1.622" classname="cool.fountain.online.web.test.catalogue.master.TestGetProductCatalogueApiTestNg">
    <failure type="java.lang.AssertionError" message="Response time of GetProductCatalogue call more than: 500 expected [true] but found [false]">
      <![CDATA[java.lang.AssertionError: Response time of GetProductCatalogue call more than: 500 expected [true] but found [false]
	at cool.fountain.online.web.test.catalogue.master.TestGetProductCatalogueApiTestNg.testGetProductCatalogueLoad(TestGetProductCatalogueApiTestNg.java:76)
	at org.springframework.test.context.testng.AbstractTestNGSpringContextTests.run(AbstractTestNGSpringContextTests.java:180)
	at java.util.concurrent.FutureTask.run(FutureTask.java:266)
	at java.util.concurrent.ThreadPoolExecutor.runWorker(ThreadPoolExecutor.java:1149)
	at java.util.concurrent.ThreadPoolExecutor$Worker.run(ThreadPoolExecutor.java:624)
	at java.lang.Thread.run(Thread.java:748)
... Removed 20 stack frames]]>
    </failure>
  </testcase> <!-- testGetProductCatalogueLoad -->
  <testcase name="testGetProductCatalogueLoad" time="1.288" classname="cool.fountain.online.web.test.catalogue.master.TestGetProductCatalogueApiTestNg">
    <failure type="java.lang.AssertionError" message="Response time of GetProductCatalogue call more than: 500 expected [true] but found [false]">
      <![CDATA[java.lang.AssertionError: Response time of GetProductCatalogue call more than: 500 expected [true] but found [false]
	at cool.fountain.online.web.test.catalogue.master.TestGetProductCatalogueApiTestNg.testGetProductCatalogueLoad(TestGetProductCatalogueApiTestNg.java:76)
	at org.springframework.test.context.testng.AbstractTestNGSpringContextTests.run(AbstractTestNGSpringContextTests.java:180)
	at java.util.concurrent.FutureTask.run(FutureTask.java:266)
	at java.util.concurrent.ThreadPoolExecutor.runWorker(ThreadPoolExecutor.java:1149)
	at java.util.concurrent.ThreadPoolExecutor$Worker.run(ThreadPoolExecutor.java:624)
	at java.lang.Thread.run(Thread.java:748)
... Removed 18 stack frames]]>
    </failure>
  </testcase> <!-- testGetProductCatalogueLoad -->
  <testcase name="testGetProductCatalogueLoad" time="1.82" classname="cool.fountain.online.web.test.catalogue.master.TestGetProductCatalogueApiTestNg">
    <failure type="java.lang.AssertionError" message="Response time of GetProductCatalogue call more than: 500 expected [true] but found [false]">
      <![CDATA[java.lang.AssertionError: Response time of GetProductCatalogue call more than: 500 expected [true] but found [false]
	at cool.fountain.online.web.test.catalogue.master.TestGetProductCatalogueApiTestNg.testGetProductCatalogueLoad(TestGetProductCatalogueApiTestNg.java:76)
	at org.springframework.test.context.testng.AbstractTestNGSpringContextTests.run(AbstractTestNGSpringContextTests.java:180)
	at java.util.concurrent.FutureTask.run(FutureTask.java:266)
	at java.util.concurrent.ThreadPoolExecutor.runWorker(ThreadPoolExecutor.java:1149)
	at java.util.concurrent.ThreadPoolExecutor$Worker.run(ThreadPoolExecutor.java:624)
	at java.lang.Thread.run(Thread.java:748)
... Removed 18 stack frames]]>
    </failure>
  </testcase> <!-- testGetProductCatalogueLoad -->
  <testcase name="testGetProductCatalogueLoad" time="2.029" classname="cool.fountain.online.web.test.catalogue.master.TestGetProductCatalogueApiTestNg">
    <failure type="java.lang.AssertionError" message="Response time of GetProductCatalogue call more than: 500 expected [true] but found [false]">
      <![CDATA[java.lang.AssertionError: Response time of GetProductCatalogue call more than: 500 expected [true] but found [false]
	at cool.fountain.online.web.test.catalogue.master.TestGetProductCatalogueApiTestNg.testGetProductCatalogueLoad(TestGetProductCatalogueApiTestNg.java:76)
	at org.springframework.test.context.testng.AbstractTestNGSpringContextTests.run(AbstractTestNGSpringContextTests.java:180)
	at java.util.concurrent.FutureTask.run(FutureTask.java:266)
	at java.util.concurrent.ThreadPoolExecutor.runWorker(ThreadPoolExecutor.java:1149)
	at java.util.concurrent.ThreadPoolExecutor$Worker.run(ThreadPoolExecutor.java:624)
	at java.lang.Thread.run(Thread.java:748)
... Removed 20 stack frames]]>
    </failure>
  </testcase> <!-- testGetProductCatalogueLoad -->
  <testcase name="testGetProductCatalogueLoad" time="1.98" classname="cool.fountain.online.web.test.catalogue.master.TestGetProductCatalogueApiTestNg">
    <failure type="java.lang.AssertionError" message="Response time of GetProductCatalogue call more than: 500 expected [true] but found [false]">
      <![CDATA[java.lang.AssertionError: Response time of GetProductCatalogue call more than: 500 expected [true] but found [false]
	at cool.fountain.online.web.test.catalogue.master.TestGetProductCatalogueApiTestNg.testGetProductCatalogueLoad(TestGetProductCatalogueApiTestNg.java:76)
	at org.springframework.test.context.testng.AbstractTestNGSpringContextTests.run(AbstractTestNGSpringContextTests.java:180)
	at java.util.concurrent.FutureTask.run(FutureTask.java:266)
	at java.util.concurrent.ThreadPoolExecutor.runWorker(ThreadPoolExecutor.java:1149)
	at java.util.concurrent.ThreadPoolExecutor$Worker.run(ThreadPoolExecutor.java:624)
	at java.lang.Thread.run(Thread.java:748)
... Removed 18 stack frames]]>
    </failure>
  </testcase> <!-- testGetProductCatalogueLoad -->
  <testcase name="testGetProductCatalogueLoad" time="0.896" classname="cool.fountain.online.web.test.catalogue.master.TestGetProductCatalogueApiTestNg">
    <failure type="java.lang.AssertionError" message="Response time of GetProductCatalogue call more than: 500 expected [true] but found [false]">
      <![CDATA[java.lang.AssertionError: Response time of GetProductCatalogue call more than: 500 expected [true] but found [false]
	at cool.fountain.online.web.test.catalogue.master.TestGetProductCatalogueApiTestNg.testGetProductCatalogueLoad(TestGetProductCatalogueApiTestNg.java:76)
	at org.springframework.test.context.testng.AbstractTestNGSpringContextTests.run(AbstractTestNGSpringContextTests.java:180)
	at java.util.concurrent.FutureTask.run(FutureTask.java:266)
	at java.util.concurrent.ThreadPoolExecutor.runWorker(ThreadPoolExecutor.java:1149)
	at java.util.concurrent.ThreadPoolExecutor$Worker.run(ThreadPoolExecutor.java:624)
	at java.lang.Thread.run(Thread.java:748)
... Removed 18 stack frames]]>
    </failure>
  </testcase> <!-- testGetProductCatalogueLoad -->
  <testcase name="testGetProductCatalogueLoad" time="2.346" classname="cool.fountain.online.web.test.catalogue.master.TestGetProductCatalogueApiTestNg">
    <failure type="java.lang.AssertionError" message="Response time of GetProductCatalogue call more than: 500 expected [true] but found [false]">
      <![CDATA[java.lang.AssertionError: Response time of GetProductCatalogue call more than: 500 expected [true] but found [false]
	at cool.fountain.online.web.test.catalogue.master.TestGetProductCatalogueApiTestNg.testGetProductCatalogueLoad(TestGetProductCatalogueApiTestNg.java:76)
	at org.springframework.test.context.testng.AbstractTestNGSpringContextTests.run(AbstractTestNGSpringContextTests.java:180)
	at java.util.concurrent.FutureTask.run(FutureTask.java:266)
	at java.util.concurrent.ThreadPoolExecutor.runWorker(ThreadPoolExecutor.java:1149)
	at java.util.concurrent.ThreadPoolExecutor$Worker.run(ThreadPoolExecutor.java:624)
	at java.lang.Thread.run(Thread.java:748)
... Removed 18 stack frames]]>
    </failure>
  </testcase> <!-- testGetProductCatalogueLoad -->
  <testcase name="testGetProductCatalogueLoad" time="1.323" classname="cool.fountain.online.web.test.catalogue.master.TestGetProductCatalogueApiTestNg">
    <failure type="java.lang.AssertionError" message="Response time of GetProductCatalogue call more than: 500 expected [true] but found [false]">
      <![CDATA[java.lang.AssertionError: Response time of GetProductCatalogue call more than: 500 expected [true] but found [false]
	at cool.fountain.online.web.test.catalogue.master.TestGetProductCatalogueApiTestNg.testGetProductCatalogueLoad(TestGetProductCatalogueApiTestNg.java:76)
	at org.springframework.test.context.testng.AbstractTestNGSpringContextTests.run(AbstractTestNGSpringContextTests.java:180)
	at java.util.concurrent.FutureTask.run(FutureTask.java:266)
	at java.util.concurrent.ThreadPoolExecutor.runWorker(ThreadPoolExecutor.java:1149)
	at java.util.concurrent.ThreadPoolExecutor$Worker.run(ThreadPoolExecutor.java:624)
	at java.lang.Thread.run(Thread.java:748)
... Removed 18 stack frames]]>
    </failure>
  </testcase> <!-- testGetProductCatalogueLoad -->
  <testcase name="testGetProductCatalogueLoad" time="2.759" classname="cool.fountain.online.web.test.catalogue.master.TestGetProductCatalogueApiTestNg">
    <failure type="java.lang.AssertionError" message="Response time of GetProductCatalogue call more than: 500 expected [true] but found [false]">
      <![CDATA[java.lang.AssertionError: Response time of GetProductCatalogue call more than: 500 expected [true] but found [false]
	at cool.fountain.online.web.test.catalogue.master.TestGetProductCatalogueApiTestNg.testGetProductCatalogueLoad(TestGetProductCatalogueApiTestNg.java:76)
	at org.springframework.test.context.testng.AbstractTestNGSpringContextTests.run(AbstractTestNGSpringContextTests.java:180)
	at java.util.concurrent.FutureTask.run(FutureTask.java:266)
	at java.util.concurrent.ThreadPoolExecutor.runWorker(ThreadPoolExecutor.java:1149)
	at java.util.concurrent.ThreadPoolExecutor$Worker.run(ThreadPoolExecutor.java:624)
	at java.lang.Thread.run(Thread.java:748)
... Removed 18 stack frames]]>
    </failure>
  </testcase> <!-- testGetProductCatalogueLoad -->
  <testcase name="testGetProductCatalogueLoad" time="1.277" classname="cool.fountain.online.web.test.catalogue.master.TestGetProductCatalogueApiTestNg">
    <failure type="java.lang.AssertionError" message="Response time of GetProductCatalogue call more than: 500 expected [true] but found [false]">
      <![CDATA[java.lang.AssertionError: Response time of GetProductCatalogue call more than: 500 expected [true] but found [false]
	at cool.fountain.online.web.test.catalogue.master.TestGetProductCatalogueApiTestNg.testGetProductCatalogueLoad(TestGetProductCatalogueApiTestNg.java:76)
	at org.springframework.test.context.testng.AbstractTestNGSpringContextTests.run(AbstractTestNGSpringContextTests.java:180)
	at java.util.concurrent.FutureTask.run(FutureTask.java:266)
	at java.util.concurrent.ThreadPoolExecutor.runWorker(ThreadPoolExecutor.java:1149)
	at java.util.concurrent.ThreadPoolExecutor$Worker.run(ThreadPoolExecutor.java:624)
	at java.lang.Thread.run(Thread.java:748)
... Removed 18 stack frames]]>
    </failure>
  </testcase> <!-- testGetProductCatalogueLoad -->
  <testcase name="testGetProductCatalogueLoad" time="1.747" classname="cool.fountain.online.web.test.catalogue.master.TestGetProductCatalogueApiTestNg">
    <failure type="java.lang.AssertionError" message="Response time of GetProductCatalogue call more than: 500 expected [true] but found [false]">
      <![CDATA[java.lang.AssertionError: Response time of GetProductCatalogue call more than: 500 expected [true] but found [false]
	at cool.fountain.online.web.test.catalogue.master.TestGetProductCatalogueApiTestNg.testGetProductCatalogueLoad(TestGetProductCatalogueApiTestNg.java:76)
	at org.springframework.test.context.testng.AbstractTestNGSpringContextTests.run(AbstractTestNGSpringContextTests.java:180)
	at java.util.concurrent.FutureTask.run(FutureTask.java:266)
	at java.util.concurrent.ThreadPoolExecutor.runWorker(ThreadPoolExecutor.java:1149)
	at java.util.concurrent.ThreadPoolExecutor$Worker.run(ThreadPoolExecutor.java:624)
	at java.lang.Thread.run(Thread.java:748)
... Removed 18 stack frames]]>
    </failure>
  </testcase> <!-- testGetProductCatalogueLoad -->
  <testcase name="testGetProductCatalogueLoad" time="3.171" classname="cool.fountain.online.web.test.catalogue.master.TestGetProductCatalogueApiTestNg">
    <failure type="java.lang.AssertionError" message="Response time of GetProductCatalogue call more than: 500 expected [true] but found [false]">
      <![CDATA[java.lang.AssertionError: Response time of GetProductCatalogue call more than: 500 expected [true] but found [false]
	at cool.fountain.online.web.test.catalogue.master.TestGetProductCatalogueApiTestNg.testGetProductCatalogueLoad(TestGetProductCatalogueApiTestNg.java:76)
	at org.springframework.test.context.testng.AbstractTestNGSpringContextTests.run(AbstractTestNGSpringContextTests.java:180)
	at java.util.concurrent.FutureTask.run(FutureTask.java:266)
	at java.util.concurrent.ThreadPoolExecutor.runWorker(ThreadPoolExecutor.java:1149)
	at java.util.concurrent.ThreadPoolExecutor$Worker.run(ThreadPoolExecutor.java:624)
	at java.lang.Thread.run(Thread.java:748)
... Removed 18 stack frames]]>
    </failure>
  </testcase> <!-- testGetProductCatalogueLoad -->
  <testcase name="testGetProductCatalogueLoad" time="1.048" classname="cool.fountain.online.web.test.catalogue.master.TestGetProductCatalogueApiTestNg">
    <failure type="java.lang.AssertionError" message="Response time of GetProductCatalogue call more than: 500 expected [true] but found [false]">
      <![CDATA[java.lang.AssertionError: Response time of GetProductCatalogue call more than: 500 expected [true] but found [false]
	at cool.fountain.online.web.test.catalogue.master.TestGetProductCatalogueApiTestNg.testGetProductCatalogueLoad(TestGetProductCatalogueApiTestNg.java:76)
	at org.springframework.test.context.testng.AbstractTestNGSpringContextTests.run(AbstractTestNGSpringContextTests.java:180)
	at java.util.concurrent.FutureTask.run(FutureTask.java:266)
	at java.util.concurrent.ThreadPoolExecutor.runWorker(ThreadPoolExecutor.java:1149)
	at java.util.concurrent.ThreadPoolExecutor$Worker.run(ThreadPoolExecutor.java:624)
	at java.lang.Thread.run(Thread.java:748)
... Removed 18 stack frames]]>
    </failure>
  </testcase> <!-- testGetProductCatalogueLoad -->
  <testcase name="testGetProductCatalogueLoad" time="1.903" classname="cool.fountain.online.web.test.catalogue.master.TestGetProductCatalogueApiTestNg">
    <failure type="java.lang.AssertionError" message="Response time of GetProductCatalogue call more than: 500 expected [true] but found [false]">
      <![CDATA[java.lang.AssertionError: Response time of GetProductCatalogue call more than: 500 expected [true] but found [false]
	at cool.fountain.online.web.test.catalogue.master.TestGetProductCatalogueApiTestNg.testGetProductCatalogueLoad(TestGetProductCatalogueApiTestNg.java:76)
	at org.springframework.test.context.testng.AbstractTestNGSpringContextTests.run(AbstractTestNGSpringContextTests.java:180)
	at java.util.concurrent.FutureTask.run(FutureTask.java:266)
	at java.util.concurrent.ThreadPoolExecutor.runWorker(ThreadPoolExecutor.java:1149)
	at java.util.concurrent.ThreadPoolExecutor$Worker.run(ThreadPoolExecutor.java:624)
	at java.lang.Thread.run(Thread.java:748)
... Removed 18 stack frames]]>
    </failure>
  </testcase> <!-- testGetProductCatalogueLoad -->
  <testcase name="testGetProductCatalogueLoad" time="0.922" classname="cool.fountain.online.web.test.catalogue.master.TestGetProductCatalogueApiTestNg">
    <failure type="java.lang.AssertionError" message="Response time of GetProductCatalogue call more than: 500 expected [true] but found [false]">
      <![CDATA[java.lang.AssertionError: Response time of GetProductCatalogue call more than: 500 expected [true] but found [false]
	at cool.fountain.online.web.test.catalogue.master.TestGetProductCatalogueApiTestNg.testGetProductCatalogueLoad(TestGetProductCatalogueApiTestNg.java:76)
	at org.springframework.test.context.testng.AbstractTestNGSpringContextTests.run(AbstractTestNGSpringContextTests.java:180)
	at java.util.concurrent.FutureTask.run(FutureTask.java:266)
	at java.util.concurrent.ThreadPoolExecutor.runWorker(ThreadPoolExecutor.java:1149)
	at java.util.concurrent.ThreadPoolExecutor$Worker.run(ThreadPoolExecutor.java:624)
	at java.lang.Thread.run(Thread.java:748)
... Removed 18 stack frames]]>
    </failure>
  </testcase> <!-- testGetProductCatalogueLoad -->
  <testcase name="testGetProductCatalogueLoad" time="2.025" classname="cool.fountain.online.web.test.catalogue.master.TestGetProductCatalogueApiTestNg">
    <failure type="java.lang.AssertionError" message="Response time of GetProductCatalogue call more than: 500 expected [true] but found [false]">
      <![CDATA[java.lang.AssertionError: Response time of GetProductCatalogue call more than: 500 expected [true] but found [false]
	at cool.fountain.online.web.test.catalogue.master.TestGetProductCatalogueApiTestNg.testGetProductCatalogueLoad(TestGetProductCatalogueApiTestNg.java:76)
	at org.springframework.test.context.testng.AbstractTestNGSpringContextTests.run(AbstractTestNGSpringContextTests.java:180)
	at java.util.concurrent.FutureTask.run(FutureTask.java:266)
	at java.util.concurrent.ThreadPoolExecutor.runWorker(ThreadPoolExecutor.java:1149)
	at java.util.concurrent.ThreadPoolExecutor$Worker.run(ThreadPoolExecutor.java:624)
	at java.lang.Thread.run(Thread.java:748)
... Removed 18 stack frames]]>
    </failure>
  </testcase> <!-- testGetProductCatalogueLoad -->
  <testcase name="testGetProductCatalogueLoad" time="1.522" classname="cool.fountain.online.web.test.catalogue.master.TestGetProductCatalogueApiTestNg">
    <failure type="java.lang.AssertionError" message="Response time of GetProductCatalogue call more than: 500 expected [true] but found [false]">
      <![CDATA[java.lang.AssertionError: Response time of GetProductCatalogue call more than: 500 expected [true] but found [false]
	at cool.fountain.online.web.test.catalogue.master.TestGetProductCatalogueApiTestNg.testGetProductCatalogueLoad(TestGetProductCatalogueApiTestNg.java:76)
	at org.springframework.test.context.testng.AbstractTestNGSpringContextTests.run(AbstractTestNGSpringContextTests.java:180)
	at java.util.concurrent.FutureTask.run(FutureTask.java:266)
	at java.util.concurrent.ThreadPoolExecutor.runWorker(ThreadPoolExecutor.java:1149)
	at java.util.concurrent.ThreadPoolExecutor$Worker.run(ThreadPoolExecutor.java:624)
	at java.lang.Thread.run(Thread.java:748)
... Removed 18 stack frames]]>
    </failure>
  </testcase> <!-- testGetProductCatalogueLoad -->
  <testcase name="testGetProductCatalogueLoad" time="2.084" classname="cool.fountain.online.web.test.catalogue.master.TestGetProductCatalogueApiTestNg">
    <failure type="java.lang.AssertionError" message="Response time of GetProductCatalogue call more than: 500 expected [true] but found [false]">
      <![CDATA[java.lang.AssertionError: Response time of GetProductCatalogue call more than: 500 expected [true] but found [false]
	at cool.fountain.online.web.test.catalogue.master.TestGetProductCatalogueApiTestNg.testGetProductCatalogueLoad(TestGetProductCatalogueApiTestNg.java:76)
	at org.springframework.test.context.testng.AbstractTestNGSpringContextTests.run(AbstractTestNGSpringContextTests.java:180)
	at java.util.concurrent.FutureTask.run(FutureTask.java:266)
	at java.util.concurrent.ThreadPoolExecutor.runWorker(ThreadPoolExecutor.java:1149)
	at java.util.concurrent.ThreadPoolExecutor$Worker.run(ThreadPoolExecutor.java:624)
	at java.lang.Thread.run(Thread.java:748)
... Removed 18 stack frames]]>
    </failure>
  </testcase> <!-- testGetProductCatalogueLoad -->
  <testcase name="testGetProductCatalogueLoad" time="1.261" classname="cool.fountain.online.web.test.catalogue.master.TestGetProductCatalogueApiTestNg">
    <failure type="java.lang.AssertionError" message="Response time of GetProductCatalogue call more than: 500 expected [true] but found [false]">
      <![CDATA[java.lang.AssertionError: Response time of GetProductCatalogue call more than: 500 expected [true] but found [false]
	at cool.fountain.online.web.test.catalogue.master.TestGetProductCatalogueApiTestNg.testGetProductCatalogueLoad(TestGetProductCatalogueApiTestNg.java:76)
	at org.springframework.test.context.testng.AbstractTestNGSpringContextTests.run(AbstractTestNGSpringContextTests.java:180)
	at java.util.concurrent.FutureTask.run(FutureTask.java:266)
	at java.util.concurrent.ThreadPoolExecutor.runWorker(ThreadPoolExecutor.java:1149)
	at java.util.concurrent.ThreadPoolExecutor$Worker.run(ThreadPoolExecutor.java:624)
	at java.lang.Thread.run(Thread.java:748)
... Removed 18 stack frames]]>
    </failure>
  </testcase> <!-- testGetProductCatalogueLoad -->
  <testcase name="testGetProductCatalogueLoad" time="1.114" classname="cool.fountain.online.web.test.catalogue.master.TestGetProductCatalogueApiTestNg">
    <failure type="java.lang.AssertionError" message="Response time of GetProductCatalogue call more than: 500 expected [true] but found [false]">
      <![CDATA[java.lang.AssertionError: Response time of GetProductCatalogue call more than: 500 expected [true] but found [false]
	at cool.fountain.online.web.test.catalogue.master.TestGetProductCatalogueApiTestNg.testGetProductCatalogueLoad(TestGetProductCatalogueApiTestNg.java:76)
	at org.springframework.test.context.testng.AbstractTestNGSpringContextTests.run(AbstractTestNGSpringContextTests.java:180)
	at java.util.concurrent.FutureTask.run(FutureTask.java:266)
	at java.util.concurrent.ThreadPoolExecutor.runWorker(ThreadPoolExecutor.java:1149)
	at java.util.concurrent.ThreadPoolExecutor$Worker.run(ThreadPoolExecutor.java:624)
	at java.lang.Thread.run(Thread.java:748)
... Removed 18 stack frames]]>
    </failure>
  </testcase> <!-- testGetProductCatalogueLoad -->
  <testcase name="testGetProductCatalogueLoad" time="1.66" classname="cool.fountain.online.web.test.catalogue.master.TestGetProductCatalogueApiTestNg">
    <failure type="java.lang.AssertionError" message="Response time of GetProductCatalogue call more than: 500 expected [true] but found [false]">
      <![CDATA[java.lang.AssertionError: Response time of GetProductCatalogue call more than: 500 expected [true] but found [false]
	at cool.fountain.online.web.test.catalogue.master.TestGetProductCatalogueApiTestNg.testGetProductCatalogueLoad(TestGetProductCatalogueApiTestNg.java:76)
	at org.springframework.test.context.testng.AbstractTestNGSpringContextTests.run(AbstractTestNGSpringContextTests.java:180)
	at java.util.concurrent.FutureTask.run(FutureTask.java:266)
	at java.util.concurrent.ThreadPoolExecutor.runWorker(ThreadPoolExecutor.java:1149)
	at java.util.concurrent.ThreadPoolExecutor$Worker.run(ThreadPoolExecutor.java:624)
	at java.lang.Thread.run(Thread.java:748)
... Removed 18 stack frames]]>
    </failure>
  </testcase> <!-- testGetProductCatalogueLoad -->
  <testcase name="testGetProductCatalogueLoad" time="1.208" classname="cool.fountain.online.web.test.catalogue.master.TestGetProductCatalogueApiTestNg">
    <failure type="java.lang.AssertionError" message="Response time of GetProductCatalogue call more than: 500 expected [true] but found [false]">
      <![CDATA[java.lang.AssertionError: Response time of GetProductCatalogue call more than: 500 expected [true] but found [false]
	at cool.fountain.online.web.test.catalogue.master.TestGetProductCatalogueApiTestNg.testGetProductCatalogueLoad(TestGetProductCatalogueApiTestNg.java:76)
	at org.springframework.test.context.testng.AbstractTestNGSpringContextTests.run(AbstractTestNGSpringContextTests.java:180)
	at java.util.concurrent.FutureTask.run(FutureTask.java:266)
	at java.util.concurrent.ThreadPoolExecutor.runWorker(ThreadPoolExecutor.java:1149)
	at java.util.concurrent.ThreadPoolExecutor$Worker.run(ThreadPoolExecutor.java:624)
	at java.lang.Thread.run(Thread.java:748)
... Removed 18 stack frames]]>
    </failure>
  </testcase> <!-- testGetProductCatalogueLoad -->
  <testcase name="testGetProductCatalogueLoad" time="2.541" classname="cool.fountain.online.web.test.catalogue.master.TestGetProductCatalogueApiTestNg">
    <failure type="java.lang.AssertionError" message="Response time of GetProductCatalogue call more than: 500 expected [true] but found [false]">
      <![CDATA[java.lang.AssertionError: Response time of GetProductCatalogue call more than: 500 expected [true] but found [false]
	at cool.fountain.online.web.test.catalogue.master.TestGetProductCatalogueApiTestNg.testGetProductCatalogueLoad(TestGetProductCatalogueApiTestNg.java:76)
	at org.springframework.test.context.testng.AbstractTestNGSpringContextTests.run(AbstractTestNGSpringContextTests.java:180)
	at java.util.concurrent.FutureTask.run(FutureTask.java:266)
	at java.util.concurrent.ThreadPoolExecutor.runWorker(ThreadPoolExecutor.java:1149)
	at java.util.concurrent.ThreadPoolExecutor$Worker.run(ThreadPoolExecutor.java:624)
	at java.lang.Thread.run(Thread.java:748)
... Removed 18 stack frames]]>
    </failure>
  </testcase> <!-- testGetProductCatalogueLoad -->
  <testcase name="testGetProductCatalogueLoad" time="1.852" classname="cool.fountain.online.web.test.catalogue.master.TestGetProductCatalogueApiTestNg">
    <failure type="java.lang.AssertionError" message="Response time of GetProductCatalogue call more than: 500 expected [true] but found [false]">
      <![CDATA[java.lang.AssertionError: Response time of GetProductCatalogue call more than: 500 expected [true] but found [false]
	at cool.fountain.online.web.test.catalogue.master.TestGetProductCatalogueApiTestNg.testGetProductCatalogueLoad(TestGetProductCatalogueApiTestNg.java:76)
	at org.springframework.test.context.testng.AbstractTestNGSpringContextTests.run(AbstractTestNGSpringContextTests.java:180)
	at java.util.concurrent.FutureTask.run(FutureTask.java:266)
	at java.util.concurrent.ThreadPoolExecutor.runWorker(ThreadPoolExecutor.java:1149)
	at java.util.concurrent.ThreadPoolExecutor$Worker.run(ThreadPoolExecutor.java:624)
	at java.lang.Thread.run(Thread.java:748)
... Removed 18 stack frames]]>
    </failure>
  </testcase> <!-- testGetProductCatalogueLoad -->
  <testcase name="testGetProductCatalogueLoad" time="1.15" classname="cool.fountain.online.web.test.catalogue.master.TestGetProductCatalogueApiTestNg">
    <failure type="java.lang.AssertionError" message="Response time of GetProductCatalogue call more than: 500 expected [true] but found [false]">
      <![CDATA[java.lang.AssertionError: Response time of GetProductCatalogue call more than: 500 expected [true] but found [false]
	at cool.fountain.online.web.test.catalogue.master.TestGetProductCatalogueApiTestNg.testGetProductCatalogueLoad(TestGetProductCatalogueApiTestNg.java:76)
	at org.springframework.test.context.testng.AbstractTestNGSpringContextTests.run(AbstractTestNGSpringContextTests.java:180)
	at java.util.concurrent.FutureTask.run(FutureTask.java:266)
	at java.util.concurrent.ThreadPoolExecutor.runWorker(ThreadPoolExecutor.java:1149)
	at java.util.concurrent.ThreadPoolExecutor$Worker.run(ThreadPoolExecutor.java:624)
	at java.lang.Thread.run(Thread.java:748)
... Removed 18 stack frames]]>
    </failure>
  </testcase> <!-- testGetProductCatalogueLoad -->
  <testcase name="testGetProductCatalogueLoad" time="1.102" classname="cool.fountain.online.web.test.catalogue.master.TestGetProductCatalogueApiTestNg">
    <failure type="java.lang.AssertionError" message="Response time of GetProductCatalogue call more than: 500 expected [true] but found [false]">
      <![CDATA[java.lang.AssertionError: Response time of GetProductCatalogue call more than: 500 expected [true] but found [false]
	at cool.fountain.online.web.test.catalogue.master.TestGetProductCatalogueApiTestNg.testGetProductCatalogueLoad(TestGetProductCatalogueApiTestNg.java:76)
	at org.springframework.test.context.testng.AbstractTestNGSpringContextTests.run(AbstractTestNGSpringContextTests.java:180)
	at java.util.concurrent.FutureTask.run(FutureTask.java:266)
	at java.util.concurrent.ThreadPoolExecutor.runWorker(ThreadPoolExecutor.java:1149)
	at java.util.concurrent.ThreadPoolExecutor$Worker.run(ThreadPoolExecutor.java:624)
	at java.lang.Thread.run(Thread.java:748)
... Removed 18 stack frames]]>
    </failure>
  </testcase> <!-- testGetProductCatalogueLoad -->
  <testcase name="testGetProductCatalogueLoad" time="1.515" classname="cool.fountain.online.web.test.catalogue.master.TestGetProductCatalogueApiTestNg">
    <failure type="java.lang.AssertionError" message="Response time of GetProductCatalogue call more than: 500 expected [true] but found [false]">
      <![CDATA[java.lang.AssertionError: Response time of GetProductCatalogue call more than: 500 expected [true] but found [false]
	at cool.fountain.online.web.test.catalogue.master.TestGetProductCatalogueApiTestNg.testGetProductCatalogueLoad(TestGetProductCatalogueApiTestNg.java:76)
	at org.springframework.test.context.testng.AbstractTestNGSpringContextTests.run(AbstractTestNGSpringContextTests.java:180)
	at java.util.concurrent.FutureTask.run(FutureTask.java:266)
	at java.util.concurrent.ThreadPoolExecutor.runWorker(ThreadPoolExecutor.java:1149)
	at java.util.concurrent.ThreadPoolExecutor$Worker.run(ThreadPoolExecutor.java:624)
	at java.lang.Thread.run(Thread.java:748)
... Removed 18 stack frames]]>
    </failure>
  </testcase> <!-- testGetProductCatalogueLoad -->
  <testcase name="testGetProductCatalogueLoad" time="0.972" classname="cool.fountain.online.web.test.catalogue.master.TestGetProductCatalogueApiTestNg">
    <failure type="java.lang.AssertionError" message="Response time of GetProductCatalogue call more than: 500 expected [true] but found [false]">
      <![CDATA[java.lang.AssertionError: Response time of GetProductCatalogue call more than: 500 expected [true] but found [false]
	at cool.fountain.online.web.test.catalogue.master.TestGetProductCatalogueApiTestNg.testGetProductCatalogueLoad(TestGetProductCatalogueApiTestNg.java:76)
	at org.springframework.test.context.testng.AbstractTestNGSpringContextTests.run(AbstractTestNGSpringContextTests.java:180)
	at java.util.concurrent.FutureTask.run(FutureTask.java:266)
	at java.util.concurrent.ThreadPoolExecutor.runWorker(ThreadPoolExecutor.java:1149)
	at java.util.concurrent.ThreadPoolExecutor$Worker.run(ThreadPoolExecutor.java:624)
	at java.lang.Thread.run(Thread.java:748)
... Removed 18 stack frames]]>
    </failure>
  </testcase> <!-- testGetProductCatalogueLoad -->
  <testcase name="testGetProductCatalogueLoad" time="1.215" classname="cool.fountain.online.web.test.catalogue.master.TestGetProductCatalogueApiTestNg">
    <failure type="java.lang.AssertionError" message="Response time of GetProductCatalogue call more than: 500 expected [true] but found [false]">
      <![CDATA[java.lang.AssertionError: Response time of GetProductCatalogue call more than: 500 expected [true] but found [false]
	at cool.fountain.online.web.test.catalogue.master.TestGetProductCatalogueApiTestNg.testGetProductCatalogueLoad(TestGetProductCatalogueApiTestNg.java:76)
	at org.springframework.test.context.testng.AbstractTestNGSpringContextTests.run(AbstractTestNGSpringContextTests.java:180)
	at java.util.concurrent.FutureTask.run(FutureTask.java:266)
	at java.util.concurrent.ThreadPoolExecutor.runWorker(ThreadPoolExecutor.java:1149)
	at java.util.concurrent.ThreadPoolExecutor$Worker.run(ThreadPoolExecutor.java:624)
	at java.lang.Thread.run(Thread.java:748)
... Removed 18 stack frames]]>
    </failure>
  </testcase> <!-- testGetProductCatalogueLoad -->
  <testcase name="testGetProductCatalogueLoad" time="3.451" classname="cool.fountain.online.web.test.catalogue.master.TestGetProductCatalogueApiTestNg">
    <failure type="java.lang.AssertionError" message="Response time of GetProductCatalogue call more than: 500 expected [true] but found [false]">
      <![CDATA[java.lang.AssertionError: Response time of GetProductCatalogue call more than: 500 expected [true] but found [false]
	at cool.fountain.online.web.test.catalogue.master.TestGetProductCatalogueApiTestNg.testGetProductCatalogueLoad(TestGetProductCatalogueApiTestNg.java:76)
	at org.springframework.test.context.testng.AbstractTestNGSpringContextTests.run(AbstractTestNGSpringContextTests.java:180)
	at java.util.concurrent.FutureTask.run(FutureTask.java:266)
	at java.util.concurrent.ThreadPoolExecutor.runWorker(ThreadPoolExecutor.java:1149)
	at java.util.concurrent.ThreadPoolExecutor$Worker.run(ThreadPoolExecutor.java:624)
	at java.lang.Thread.run(Thread.java:748)
... Removed 18 stack frames]]>
    </failure>
  </testcase> <!-- testGetProductCatalogueLoad -->
  <testcase name="testGetProductCatalogueLoad" time="2.124" classname="cool.fountain.online.web.test.catalogue.master.TestGetProductCatalogueApiTestNg">
    <failure type="java.lang.AssertionError" message="Response time of GetProductCatalogue call more than: 500 expected [true] but found [false]">
      <![CDATA[java.lang.AssertionError: Response time of GetProductCatalogue call more than: 500 expected [true] but found [false]
	at cool.fountain.online.web.test.catalogue.master.TestGetProductCatalogueApiTestNg.testGetProductCatalogueLoad(TestGetProductCatalogueApiTestNg.java:76)
	at org.springframework.test.context.testng.AbstractTestNGSpringContextTests.run(AbstractTestNGSpringContextTests.java:180)
	at java.util.concurrent.FutureTask.run(FutureTask.java:266)
	at java.util.concurrent.ThreadPoolExecutor.runWorker(ThreadPoolExecutor.java:1149)
	at java.util.concurrent.ThreadPoolExecutor$Worker.run(ThreadPoolExecutor.java:624)
	at java.lang.Thread.run(Thread.java:748)
... Removed 18 stack frames]]>
    </failure>
  </testcase> <!-- testGetProductCatalogueLoad -->
  <testcase name="testGetProductCatalogueLoad" time="1.869" classname="cool.fountain.online.web.test.catalogue.master.TestGetProductCatalogueApiTestNg">
    <failure type="java.lang.AssertionError" message="Response time of GetProductCatalogue call more than: 500 expected [true] but found [false]">
      <![CDATA[java.lang.AssertionError: Response time of GetProductCatalogue call more than: 500 expected [true] but found [false]
	at cool.fountain.online.web.test.catalogue.master.TestGetProductCatalogueApiTestNg.testGetProductCatalogueLoad(TestGetProductCatalogueApiTestNg.java:76)
	at org.springframework.test.context.testng.AbstractTestNGSpringContextTests.run(AbstractTestNGSpringContextTests.java:180)
	at java.util.concurrent.FutureTask.run(FutureTask.java:266)
	at java.util.concurrent.ThreadPoolExecutor.runWorker(ThreadPoolExecutor.java:1149)
	at java.util.concurrent.ThreadPoolExecutor$Worker.run(ThreadPoolExecutor.java:624)
	at java.lang.Thread.run(Thread.java:748)
... Removed 18 stack frames]]>
    </failure>
  </testcase> <!-- testGetProductCatalogueLoad -->
  <testcase name="testGetProductCatalogueLoad" time="3.715" classname="cool.fountain.online.web.test.catalogue.master.TestGetProductCatalogueApiTestNg">
    <failure type="java.lang.AssertionError" message="Response time of GetProductCatalogue call more than: 500 expected [true] but found [false]">
      <![CDATA[java.lang.AssertionError: Response time of GetProductCatalogue call more than: 500 expected [true] but found [false]
	at cool.fountain.online.web.test.catalogue.master.TestGetProductCatalogueApiTestNg.testGetProductCatalogueLoad(TestGetProductCatalogueApiTestNg.java:76)
	at org.springframework.test.context.testng.AbstractTestNGSpringContextTests.run(AbstractTestNGSpringContextTests.java:180)
	at java.util.concurrent.FutureTask.run(FutureTask.java:266)
	at java.util.concurrent.ThreadPoolExecutor.runWorker(ThreadPoolExecutor.java:1149)
	at java.util.concurrent.ThreadPoolExecutor$Worker.run(ThreadPoolExecutor.java:624)
	at java.lang.Thread.run(Thread.java:748)
... Removed 18 stack frames]]>
    </failure>
  </testcase> <!-- testGetProductCatalogueLoad -->
  <testcase name="testGetProductCatalogueLoad" time="1.577" classname="cool.fountain.online.web.test.catalogue.master.TestGetProductCatalogueApiTestNg">
    <failure type="java.lang.AssertionError" message="Response time of GetProductCatalogue call more than: 500 expected [true] but found [false]">
      <![CDATA[java.lang.AssertionError: Response time of GetProductCatalogue call more than: 500 expected [true] but found [false]
	at cool.fountain.online.web.test.catalogue.master.TestGetProductCatalogueApiTestNg.testGetProductCatalogueLoad(TestGetProductCatalogueApiTestNg.java:76)
	at org.springframework.test.context.testng.AbstractTestNGSpringContextTests.run(AbstractTestNGSpringContextTests.java:180)
	at java.util.concurrent.FutureTask.run(FutureTask.java:266)
	at java.util.concurrent.ThreadPoolExecutor.runWorker(ThreadPoolExecutor.java:1149)
	at java.util.concurrent.ThreadPoolExecutor$Worker.run(ThreadPoolExecutor.java:624)
	at java.lang.Thread.run(Thread.java:748)
... Removed 18 stack frames]]>
    </failure>
  </testcase> <!-- testGetProductCatalogueLoad -->
  <testcase name="testGetProductCatalogueLoad" time="0.811" classname="cool.fountain.online.web.test.catalogue.master.TestGetProductCatalogueApiTestNg">
    <failure type="java.lang.AssertionError" message="Response time of GetProductCatalogue call more than: 500 expected [true] but found [false]">
      <![CDATA[java.lang.AssertionError: Response time of GetProductCatalogue call more than: 500 expected [true] but found [false]
	at cool.fountain.online.web.test.catalogue.master.TestGetProductCatalogueApiTestNg.testGetProductCatalogueLoad(TestGetProductCatalogueApiTestNg.java:76)
	at org.springframework.test.context.testng.AbstractTestNGSpringContextTests.run(AbstractTestNGSpringContextTests.java:180)
	at java.util.concurrent.FutureTask.run(FutureTask.java:266)
	at java.util.concurrent.ThreadPoolExecutor.runWorker(ThreadPoolExecutor.java:1149)
	at java.util.concurrent.ThreadPoolExecutor$Worker.run(ThreadPoolExecutor.java:624)
	at java.lang.Thread.run(Thread.java:748)
... Removed 18 stack frames]]>
    </failure>
  </testcase> <!-- testGetProductCatalogueLoad -->
  <testcase name="testGetProductCatalogueLoad" time="1.447" classname="cool.fountain.online.web.test.catalogue.master.TestGetProductCatalogueApiTestNg">
    <failure type="java.lang.AssertionError" message="Response time of GetProductCatalogue call more than: 500 expected [true] but found [false]">
      <![CDATA[java.lang.AssertionError: Response time of GetProductCatalogue call more than: 500 expected [true] but found [false]
	at cool.fountain.online.web.test.catalogue.master.TestGetProductCatalogueApiTestNg.testGetProductCatalogueLoad(TestGetProductCatalogueApiTestNg.java:76)
	at org.springframework.test.context.testng.AbstractTestNGSpringContextTests.run(AbstractTestNGSpringContextTests.java:180)
	at java.util.concurrent.FutureTask.run(FutureTask.java:266)
	at java.util.concurrent.ThreadPoolExecutor.runWorker(ThreadPoolExecutor.java:1149)
	at java.util.concurrent.ThreadPoolExecutor$Worker.run(ThreadPoolExecutor.java:624)
	at java.lang.Thread.run(Thread.java:748)
... Removed 18 stack frames]]>
    </failure>
  </testcase> <!-- testGetProductCatalogueLoad -->
  <testcase name="testGetProductCatalogueLoad" time="2.059" classname="cool.fountain.online.web.test.catalogue.master.TestGetProductCatalogueApiTestNg">
    <failure type="java.lang.AssertionError" message="Response time of GetProductCatalogue call more than: 500 expected [true] but found [false]">
      <![CDATA[java.lang.AssertionError: Response time of GetProductCatalogue call more than: 500 expected [true] but found [false]
	at cool.fountain.online.web.test.catalogue.master.TestGetProductCatalogueApiTestNg.testGetProductCatalogueLoad(TestGetProductCatalogueApiTestNg.java:76)
	at org.springframework.test.context.testng.AbstractTestNGSpringContextTests.run(AbstractTestNGSpringContextTests.java:180)
	at java.util.concurrent.FutureTask.run(FutureTask.java:266)
	at java.util.concurrent.ThreadPoolExecutor.runWorker(ThreadPoolExecutor.java:1149)
	at java.util.concurrent.ThreadPoolExecutor$Worker.run(ThreadPoolExecutor.java:624)
	at java.lang.Thread.run(Thread.java:748)
... Removed 18 stack frames]]>
    </failure>
  </testcase> <!-- testGetProductCatalogueLoad -->
  <testcase name="testGetProductCatalogueLoad" time="1.109" classname="cool.fountain.online.web.test.catalogue.master.TestGetProductCatalogueApiTestNg">
    <failure type="java.lang.AssertionError" message="Response time of GetProductCatalogue call more than: 500 expected [true] but found [false]">
      <![CDATA[java.lang.AssertionError: Response time of GetProductCatalogue call more than: 500 expected [true] but found [false]
	at cool.fountain.online.web.test.catalogue.master.TestGetProductCatalogueApiTestNg.testGetProductCatalogueLoad(TestGetProductCatalogueApiTestNg.java:76)
	at org.springframework.test.context.testng.AbstractTestNGSpringContextTests.run(AbstractTestNGSpringContextTests.java:180)
	at java.util.concurrent.FutureTask.run(FutureTask.java:266)
	at java.util.concurrent.ThreadPoolExecutor.runWorker(ThreadPoolExecutor.java:1149)
	at java.util.concurrent.ThreadPoolExecutor$Worker.run(ThreadPoolExecutor.java:624)
	at java.lang.Thread.run(Thread.java:748)
... Removed 18 stack frames]]>
    </failure>
  </testcase> <!-- testGetProductCatalogueLoad -->
  <testcase name="testGetProductCatalogueLoad" time="2.743" classname="cool.fountain.online.web.test.catalogue.master.TestGetProductCatalogueApiTestNg">
    <failure type="java.lang.AssertionError" message="Response time of GetProductCatalogue call more than: 500 expected [true] but found [false]">
      <![CDATA[java.lang.AssertionError: Response time of GetProductCatalogue call more than: 500 expected [true] but found [false]
	at cool.fountain.online.web.test.catalogue.master.TestGetProductCatalogueApiTestNg.testGetProductCatalogueLoad(TestGetProductCatalogueApiTestNg.java:76)
	at org.springframework.test.context.testng.AbstractTestNGSpringContextTests.run(AbstractTestNGSpringContextTests.java:180)
	at java.util.concurrent.FutureTask.run(FutureTask.java:266)
	at java.util.concurrent.ThreadPoolExecutor.runWorker(ThreadPoolExecutor.java:1149)
	at java.util.concurrent.ThreadPoolExecutor$Worker.run(ThreadPoolExecutor.java:624)
	at java.lang.Thread.run(Thread.java:748)
... Removed 18 stack frames]]>
    </failure>
  </testcase> <!-- testGetProductCatalogueLoad -->
  <testcase name="testGetProductCatalogueLoad" time="0.757" classname="cool.fountain.online.web.test.catalogue.master.TestGetProductCatalogueApiTestNg">
    <failure type="java.lang.AssertionError" message="Response time of GetProductCatalogue call more than: 500 expected [true] but found [false]">
      <![CDATA[java.lang.AssertionError: Response time of GetProductCatalogue call more than: 500 expected [true] but found [false]
	at cool.fountain.online.web.test.catalogue.master.TestGetProductCatalogueApiTestNg.testGetProductCatalogueLoad(TestGetProductCatalogueApiTestNg.java:76)
	at org.springframework.test.context.testng.AbstractTestNGSpringContextTests.run(AbstractTestNGSpringContextTests.java:180)
	at java.util.concurrent.FutureTask.run(FutureTask.java:266)
	at java.util.concurrent.ThreadPoolExecutor.runWorker(ThreadPoolExecutor.java:1149)
	at java.util.concurrent.ThreadPoolExecutor$Worker.run(ThreadPoolExecutor.java:624)
	at java.lang.Thread.run(Thread.java:748)
... Removed 18 stack frames]]>
    </failure>
  </testcase> <!-- testGetProductCatalogueLoad -->
  <testcase name="testGetProductCatalogueLoad" time="2.01" classname="cool.fountain.online.web.test.catalogue.master.TestGetProductCatalogueApiTestNg">
    <failure type="java.lang.AssertionError" message="Response time of GetProductCatalogue call more than: 500 expected [true] but found [false]">
      <![CDATA[java.lang.AssertionError: Response time of GetProductCatalogue call more than: 500 expected [true] but found [false]
	at cool.fountain.online.web.test.catalogue.master.TestGetProductCatalogueApiTestNg.testGetProductCatalogueLoad(TestGetProductCatalogueApiTestNg.java:76)
	at org.springframework.test.context.testng.AbstractTestNGSpringContextTests.run(AbstractTestNGSpringContextTests.java:180)
	at java.util.concurrent.FutureTask.run(FutureTask.java:266)
	at java.util.concurrent.ThreadPoolExecutor.runWorker(ThreadPoolExecutor.java:1149)
	at java.util.concurrent.ThreadPoolExecutor$Worker.run(ThreadPoolExecutor.java:624)
	at java.lang.Thread.run(Thread.java:748)
... Removed 18 stack frames]]>
    </failure>
  </testcase> <!-- testGetProductCatalogueLoad -->
  <testcase name="testGetProductCatalogueLoad" time="1.272" classname="cool.fountain.online.web.test.catalogue.master.TestGetProductCatalogueApiTestNg">
    <failure type="java.lang.AssertionError" message="Response time of GetProductCatalogue call more than: 500 expected [true] but found [false]">
      <![CDATA[java.lang.AssertionError: Response time of GetProductCatalogue call more than: 500 expected [true] but found [false]
	at cool.fountain.online.web.test.catalogue.master.TestGetProductCatalogueApiTestNg.testGetProductCatalogueLoad(TestGetProductCatalogueApiTestNg.java:76)
	at org.springframework.test.context.testng.AbstractTestNGSpringContextTests.run(AbstractTestNGSpringContextTests.java:180)
	at java.util.concurrent.FutureTask.run(FutureTask.java:266)
	at java.util.concurrent.ThreadPoolExecutor.runWorker(ThreadPoolExecutor.java:1149)
	at java.util.concurrent.ThreadPoolExecutor$Worker.run(ThreadPoolExecutor.java:624)
	at java.lang.Thread.run(Thread.java:748)
... Removed 18 stack frames]]>
    </failure>
  </testcase> <!-- testGetProductCatalogueLoad -->
  <testcase name="testGetProductCatalogueLoad" time="1.133" classname="cool.fountain.online.web.test.catalogue.master.TestGetProductCatalogueApiTestNg">
    <failure type="java.lang.AssertionError" message="Response time of GetProductCatalogue call more than: 500 expected [true] but found [false]">
      <![CDATA[java.lang.AssertionError: Response time of GetProductCatalogue call more than: 500 expected [true] but found [false]
	at cool.fountain.online.web.test.catalogue.master.TestGetProductCatalogueApiTestNg.testGetProductCatalogueLoad(TestGetProductCatalogueApiTestNg.java:76)
	at org.springframework.test.context.testng.AbstractTestNGSpringContextTests.run(AbstractTestNGSpringContextTests.java:180)
	at java.util.concurrent.FutureTask.run(FutureTask.java:266)
	at java.util.concurrent.ThreadPoolExecutor.runWorker(ThreadPoolExecutor.java:1149)
	at java.util.concurrent.ThreadPoolExecutor$Worker.run(ThreadPoolExecutor.java:624)
	at java.lang.Thread.run(Thread.java:748)
... Removed 18 stack frames]]>
    </failure>
  </testcase> <!-- testGetProductCatalogueLoad -->
  <testcase name="testGetProductCatalogueLoad" time="0.752" classname="cool.fountain.online.web.test.catalogue.master.TestGetProductCatalogueApiTestNg">
    <failure type="java.lang.AssertionError" message="Response time of GetProductCatalogue call more than: 500 expected [true] but found [false]">
      <![CDATA[java.lang.AssertionError: Response time of GetProductCatalogue call more than: 500 expected [true] but found [false]
	at cool.fountain.online.web.test.catalogue.master.TestGetProductCatalogueApiTestNg.testGetProductCatalogueLoad(TestGetProductCatalogueApiTestNg.java:76)
	at org.springframework.test.context.testng.AbstractTestNGSpringContextTests.run(AbstractTestNGSpringContextTests.java:180)
	at java.util.concurrent.FutureTask.run(FutureTask.java:266)
	at java.util.concurrent.ThreadPoolExecutor.runWorker(ThreadPoolExecutor.java:1149)
	at java.util.concurrent.ThreadPoolExecutor$Worker.run(ThreadPoolExecutor.java:624)
	at java.lang.Thread.run(Thread.java:748)
... Removed 18 stack frames]]>
    </failure>
  </testcase> <!-- testGetProductCatalogueLoad -->
  <testcase name="testGetProductCatalogueLoad" time="1.11" classname="cool.fountain.online.web.test.catalogue.master.TestGetProductCatalogueApiTestNg">
    <failure type="java.lang.AssertionError" message="Response time of GetProductCatalogue call more than: 500 expected [true] but found [false]">
      <![CDATA[java.lang.AssertionError: Response time of GetProductCatalogue call more than: 500 expected [true] but found [false]
	at cool.fountain.online.web.test.catalogue.master.TestGetProductCatalogueApiTestNg.testGetProductCatalogueLoad(TestGetProductCatalogueApiTestNg.java:76)
	at org.springframework.test.context.testng.AbstractTestNGSpringContextTests.run(AbstractTestNGSpringContextTests.java:180)
	at java.util.concurrent.FutureTask.run(FutureTask.java:266)
	at java.util.concurrent.ThreadPoolExecutor.runWorker(ThreadPoolExecutor.java:1149)
	at java.util.concurrent.ThreadPoolExecutor$Worker.run(ThreadPoolExecutor.java:624)
	at java.lang.Thread.run(Thread.java:748)
... Removed 18 stack frames]]>
    </failure>
  </testcase> <!-- testGetProductCatalogueLoad -->
  <testcase name="testGetProductCatalogueLoad" time="2.008" classname="cool.fountain.online.web.test.catalogue.master.TestGetProductCatalogueApiTestNg">
    <failure type="java.lang.AssertionError" message="Response time of GetProductCatalogue call more than: 500 expected [true] but found [false]">
      <![CDATA[java.lang.AssertionError: Response time of GetProductCatalogue call more than: 500 expected [true] but found [false]
	at cool.fountain.online.web.test.catalogue.master.TestGetProductCatalogueApiTestNg.testGetProductCatalogueLoad(TestGetProductCatalogueApiTestNg.java:76)
	at org.springframework.test.context.testng.AbstractTestNGSpringContextTests.run(AbstractTestNGSpringContextTests.java:180)
	at java.util.concurrent.FutureTask.run(FutureTask.java:266)
	at java.util.concurrent.ThreadPoolExecutor.runWorker(ThreadPoolExecutor.java:1149)
	at java.util.concurrent.ThreadPoolExecutor$Worker.run(ThreadPoolExecutor.java:624)
	at java.lang.Thread.run(Thread.java:748)
... Removed 18 stack frames]]>
    </failure>
  </testcase> <!-- testGetProductCatalogueLoad -->
  <testcase name="testGetProductCatalogueLoad" time="2.175" classname="cool.fountain.online.web.test.catalogue.master.TestGetProductCatalogueApiTestNg">
    <failure type="java.lang.AssertionError" message="Response time of GetProductCatalogue call more than: 500 expected [true] but found [false]">
      <![CDATA[java.lang.AssertionError: Response time of GetProductCatalogue call more than: 500 expected [true] but found [false]
	at cool.fountain.online.web.test.catalogue.master.TestGetProductCatalogueApiTestNg.testGetProductCatalogueLoad(TestGetProductCatalogueApiTestNg.java:76)
	at org.springframework.test.context.testng.AbstractTestNGSpringContextTests.run(AbstractTestNGSpringContextTests.java:180)
	at java.util.concurrent.FutureTask.run(FutureTask.java:266)
	at java.util.concurrent.ThreadPoolExecutor.runWorker(ThreadPoolExecutor.java:1149)
	at java.util.concurrent.ThreadPoolExecutor$Worker.run(ThreadPoolExecutor.java:624)
	at java.lang.Thread.run(Thread.java:748)
... Removed 18 stack frames]]>
    </failure>
  </testcase> <!-- testGetProductCatalogueLoad -->
  <testcase name="testGetProductCatalogueLoad" time="2.837" classname="cool.fountain.online.web.test.catalogue.master.TestGetProductCatalogueApiTestNg">
    <failure type="java.lang.AssertionError" message="Response time of GetProductCatalogue call more than: 500 expected [true] but found [false]">
      <![CDATA[java.lang.AssertionError: Response time of GetProductCatalogue call more than: 500 expected [true] but found [false]
	at cool.fountain.online.web.test.catalogue.master.TestGetProductCatalogueApiTestNg.testGetProductCatalogueLoad(TestGetProductCatalogueApiTestNg.java:76)
	at org.springframework.test.context.testng.AbstractTestNGSpringContextTests.run(AbstractTestNGSpringContextTests.java:180)
	at java.util.concurrent.FutureTask.run(FutureTask.java:266)
	at java.util.concurrent.ThreadPoolExecutor.runWorker(ThreadPoolExecutor.java:1149)
	at java.util.concurrent.ThreadPoolExecutor$Worker.run(ThreadPoolExecutor.java:624)
	at java.lang.Thread.run(Thread.java:748)
... Removed 18 stack frames]]>
    </failure>
  </testcase> <!-- testGetProductCatalogueLoad -->
  <testcase name="testGetProductCatalogueLoad" time="1.799" classname="cool.fountain.online.web.test.catalogue.master.TestGetProductCatalogueApiTestNg">
    <failure type="java.lang.AssertionError" message="Response time of GetProductCatalogue call more than: 500 expected [true] but found [false]">
      <![CDATA[java.lang.AssertionError: Response time of GetProductCatalogue call more than: 500 expected [true] but found [false]
	at cool.fountain.online.web.test.catalogue.master.TestGetProductCatalogueApiTestNg.testGetProductCatalogueLoad(TestGetProductCatalogueApiTestNg.java:76)
	at org.springframework.test.context.testng.AbstractTestNGSpringContextTests.run(AbstractTestNGSpringContextTests.java:180)
	at java.util.concurrent.FutureTask.run(FutureTask.java:266)
	at java.util.concurrent.ThreadPoolExecutor.runWorker(ThreadPoolExecutor.java:1149)
	at java.util.concurrent.ThreadPoolExecutor$Worker.run(ThreadPoolExecutor.java:624)
	at java.lang.Thread.run(Thread.java:748)
... Removed 18 stack frames]]>
    </failure>
  </testcase> <!-- testGetProductCatalogueLoad -->
  <testcase name="testGetProductCatalogueLoad" time="0.903" classname="cool.fountain.online.web.test.catalogue.master.TestGetProductCatalogueApiTestNg">
    <failure type="java.lang.AssertionError" message="Response time of GetProductCatalogue call more than: 500 expected [true] but found [false]">
      <![CDATA[java.lang.AssertionError: Response time of GetProductCatalogue call more than: 500 expected [true] but found [false]
	at cool.fountain.online.web.test.catalogue.master.TestGetProductCatalogueApiTestNg.testGetProductCatalogueLoad(TestGetProductCatalogueApiTestNg.java:76)
	at org.springframework.test.context.testng.AbstractTestNGSpringContextTests.run(AbstractTestNGSpringContextTests.java:180)
	at java.util.concurrent.FutureTask.run(FutureTask.java:266)
	at java.util.concurrent.ThreadPoolExecutor.runWorker(ThreadPoolExecutor.java:1149)
	at java.util.concurrent.ThreadPoolExecutor$Worker.run(ThreadPoolExecutor.java:624)
	at java.lang.Thread.run(Thread.java:748)
... Removed 18 stack frames]]>
    </failure>
  </testcase> <!-- testGetProductCatalogueLoad -->
  <testcase name="testGetProductCatalogueLoad" time="1.268" classname="cool.fountain.online.web.test.catalogue.master.TestGetProductCatalogueApiTestNg">
    <failure type="java.lang.AssertionError" message="Response time of GetProductCatalogue call more than: 500 expected [true] but found [false]">
      <![CDATA[java.lang.AssertionError: Response time of GetProductCatalogue call more than: 500 expected [true] but found [false]
	at cool.fountain.online.web.test.catalogue.master.TestGetProductCatalogueApiTestNg.testGetProductCatalogueLoad(TestGetProductCatalogueApiTestNg.java:76)
	at org.springframework.test.context.testng.AbstractTestNGSpringContextTests.run(AbstractTestNGSpringContextTests.java:180)
	at java.util.concurrent.FutureTask.run(FutureTask.java:266)
	at java.util.concurrent.ThreadPoolExecutor.runWorker(ThreadPoolExecutor.java:1149)
	at java.util.concurrent.ThreadPoolExecutor$Worker.run(ThreadPoolExecutor.java:624)
	at java.lang.Thread.run(Thread.java:748)
... Removed 18 stack frames]]>
    </failure>
  </testcase> <!-- testGetProductCatalogueLoad -->
  <testcase name="testGetProductCatalogueLoad" time="1.165" classname="cool.fountain.online.web.test.catalogue.master.TestGetProductCatalogueApiTestNg">
    <failure type="java.lang.AssertionError" message="Response time of GetProductCatalogue call more than: 500 expected [true] but found [false]">
      <![CDATA[java.lang.AssertionError: Response time of GetProductCatalogue call more than: 500 expected [true] but found [false]
	at cool.fountain.online.web.test.catalogue.master.TestGetProductCatalogueApiTestNg.testGetProductCatalogueLoad(TestGetProductCatalogueApiTestNg.java:76)
	at org.springframework.test.context.testng.AbstractTestNGSpringContextTests.run(AbstractTestNGSpringContextTests.java:180)
	at java.util.concurrent.FutureTask.run(FutureTask.java:266)
	at java.util.concurrent.ThreadPoolExecutor.runWorker(ThreadPoolExecutor.java:1149)
	at java.util.concurrent.ThreadPoolExecutor$Worker.run(ThreadPoolExecutor.java:624)
	at java.lang.Thread.run(Thread.java:748)
... Removed 18 stack frames]]>
    </failure>
  </testcase> <!-- testGetProductCatalogueLoad -->
  <testcase name="testGetProductCatalogueLoad" time="2.84" classname="cool.fountain.online.web.test.catalogue.master.TestGetProductCatalogueApiTestNg">
    <failure type="java.lang.AssertionError" message="Response time of GetProductCatalogue call more than: 500 expected [true] but found [false]">
      <![CDATA[java.lang.AssertionError: Response time of GetProductCatalogue call more than: 500 expected [true] but found [false]
	at cool.fountain.online.web.test.catalogue.master.TestGetProductCatalogueApiTestNg.testGetProductCatalogueLoad(TestGetProductCatalogueApiTestNg.java:76)
	at org.springframework.test.context.testng.AbstractTestNGSpringContextTests.run(AbstractTestNGSpringContextTests.java:180)
	at java.util.concurrent.FutureTask.run(FutureTask.java:266)
	at java.util.concurrent.ThreadPoolExecutor.runWorker(ThreadPoolExecutor.java:1149)
	at java.util.concurrent.ThreadPoolExecutor$Worker.run(ThreadPoolExecutor.java:624)
	at java.lang.Thread.run(Thread.java:748)
... Removed 18 stack frames]]>
    </failure>
  </testcase> <!-- testGetProductCatalogueLoad -->
  <testcase name="testGetProductCatalogueLoad" time="1.595" classname="cool.fountain.online.web.test.catalogue.master.TestGetProductCatalogueApiTestNg">
    <failure type="java.lang.AssertionError" message="Response time of GetProductCatalogue call more than: 500 expected [true] but found [false]">
      <![CDATA[java.lang.AssertionError: Response time of GetProductCatalogue call more than: 500 expected [true] but found [false]
	at cool.fountain.online.web.test.catalogue.master.TestGetProductCatalogueApiTestNg.testGetProductCatalogueLoad(TestGetProductCatalogueApiTestNg.java:76)
	at org.springframework.test.context.testng.AbstractTestNGSpringContextTests.run(AbstractTestNGSpringContextTests.java:180)
	at java.util.concurrent.FutureTask.run(FutureTask.java:266)
	at java.util.concurrent.ThreadPoolExecutor.runWorker(ThreadPoolExecutor.java:1149)
	at java.util.concurrent.ThreadPoolExecutor$Worker.run(ThreadPoolExecutor.java:624)
	at java.lang.Thread.run(Thread.java:748)
... Removed 18 stack frames]]>
    </failure>
  </testcase> <!-- testGetProductCatalogueLoad -->
  <testcase name="testGetProductCatalogueLoad" time="1.09" classname="cool.fountain.online.web.test.catalogue.master.TestGetProductCatalogueApiTestNg">
    <failure type="java.lang.AssertionError" message="Response time of GetProductCatalogue call more than: 500 expected [true] but found [false]">
      <![CDATA[java.lang.AssertionError: Response time of GetProductCatalogue call more than: 500 expected [true] but found [false]
	at cool.fountain.online.web.test.catalogue.master.TestGetProductCatalogueApiTestNg.testGetProductCatalogueLoad(TestGetProductCatalogueApiTestNg.java:76)
	at org.springframework.test.context.testng.AbstractTestNGSpringContextTests.run(AbstractTestNGSpringContextTests.java:180)
	at java.util.concurrent.FutureTask.run(FutureTask.java:266)
	at java.util.concurrent.ThreadPoolExecutor.runWorker(ThreadPoolExecutor.java:1149)
	at java.util.concurrent.ThreadPoolExecutor$Worker.run(ThreadPoolExecutor.java:624)
	at java.lang.Thread.run(Thread.java:748)
... Removed 18 stack frames]]>
    </failure>
  </testcase> <!-- testGetProductCatalogueLoad -->
  <testcase name="testGetProductCatalogueLoad" time="2.582" classname="cool.fountain.online.web.test.catalogue.master.TestGetProductCatalogueApiTestNg">
    <failure type="java.lang.AssertionError" message="Response time of GetProductCatalogue call more than: 500 expected [true] but found [false]">
      <![CDATA[java.lang.AssertionError: Response time of GetProductCatalogue call more than: 500 expected [true] but found [false]
	at cool.fountain.online.web.test.catalogue.master.TestGetProductCatalogueApiTestNg.testGetProductCatalogueLoad(TestGetProductCatalogueApiTestNg.java:76)
	at org.springframework.test.context.testng.AbstractTestNGSpringContextTests.run(AbstractTestNGSpringContextTests.java:180)
	at java.util.concurrent.FutureTask.run(FutureTask.java:266)
	at java.util.concurrent.ThreadPoolExecutor.runWorker(ThreadPoolExecutor.java:1149)
	at java.util.concurrent.ThreadPoolExecutor$Worker.run(ThreadPoolExecutor.java:624)
	at java.lang.Thread.run(Thread.java:748)
... Removed 18 stack frames]]>
    </failure>
  </testcase> <!-- testGetProductCatalogueLoad -->
  <testcase name="testGetProductCatalogueLoad" time="0.895" classname="cool.fountain.online.web.test.catalogue.master.TestGetProductCatalogueApiTestNg">
    <failure type="java.lang.AssertionError" message="Response time of GetProductCatalogue call more than: 500 expected [true] but found [false]">
      <![CDATA[java.lang.AssertionError: Response time of GetProductCatalogue call more than: 500 expected [true] but found [false]
	at cool.fountain.online.web.test.catalogue.master.TestGetProductCatalogueApiTestNg.testGetProductCatalogueLoad(TestGetProductCatalogueApiTestNg.java:76)
	at org.springframework.test.context.testng.AbstractTestNGSpringContextTests.run(AbstractTestNGSpringContextTests.java:180)
	at java.util.concurrent.FutureTask.run(FutureTask.java:266)
	at java.util.concurrent.ThreadPoolExecutor.runWorker(ThreadPoolExecutor.java:1149)
	at java.util.concurrent.ThreadPoolExecutor$Worker.run(ThreadPoolExecutor.java:624)
	at java.lang.Thread.run(Thread.java:748)
... Removed 18 stack frames]]>
    </failure>
  </testcase> <!-- testGetProductCatalogueLoad -->
  <testcase name="testGetProductCatalogueLoad" time="1.899" classname="cool.fountain.online.web.test.catalogue.master.TestGetProductCatalogueApiTestNg">
    <failure type="java.lang.AssertionError" message="Response time of GetProductCatalogue call more than: 500 expected [true] but found [false]">
      <![CDATA[java.lang.AssertionError: Response time of GetProductCatalogue call more than: 500 expected [true] but found [false]
	at cool.fountain.online.web.test.catalogue.master.TestGetProductCatalogueApiTestNg.testGetProductCatalogueLoad(TestGetProductCatalogueApiTestNg.java:76)
	at org.springframework.test.context.testng.AbstractTestNGSpringContextTests.run(AbstractTestNGSpringContextTests.java:180)
	at java.util.concurrent.FutureTask.run(FutureTask.java:266)
	at java.util.concurrent.ThreadPoolExecutor.runWorker(ThreadPoolExecutor.java:1149)
	at java.util.concurrent.ThreadPoolExecutor$Worker.run(ThreadPoolExecutor.java:624)
	at java.lang.Thread.run(Thread.java:748)
... Removed 18 stack frames]]>
    </failure>
  </testcase> <!-- testGetProductCatalogueLoad -->
  <testcase name="testGetProductCatalogueLoad" time="1.659" classname="cool.fountain.online.web.test.catalogue.master.TestGetProductCatalogueApiTestNg">
    <failure type="java.lang.AssertionError" message="Response time of GetProductCatalogue call more than: 500 expected [true] but found [false]">
      <![CDATA[java.lang.AssertionError: Response time of GetProductCatalogue call more than: 500 expected [true] but found [false]
	at cool.fountain.online.web.test.catalogue.master.TestGetProductCatalogueApiTestNg.testGetProductCatalogueLoad(TestGetProductCatalogueApiTestNg.java:76)
	at org.springframework.test.context.testng.AbstractTestNGSpringContextTests.run(AbstractTestNGSpringContextTests.java:180)
	at java.util.concurrent.FutureTask.run(FutureTask.java:266)
	at java.util.concurrent.ThreadPoolExecutor.runWorker(ThreadPoolExecutor.java:1149)
	at java.util.concurrent.ThreadPoolExecutor$Worker.run(ThreadPoolExecutor.java:624)
	at java.lang.Thread.run(Thread.java:748)
... Removed 18 stack frames]]>
    </failure>
[...]
	at org.springframework.test.context.testng.AbstractTestNGSpringContextTests.run(AbstractTestNGSpringContextTests.java:180)
	at java.util.concurrent.FutureTask.run(FutureTask.java:266)
	at java.util.concurrent.ThreadPoolExecutor.runWorker(ThreadPoolExecutor.java:1149)
	at java.util.concurrent.ThreadPoolExecutor$Worker.run(ThreadPoolExecutor.java:624)
	at java.lang.Thread.run(Thread.java:748)
... Removed 18 stack frames]]>
    </failure>
  </testcase> <!-- testGetProductCatalogueLoad -->
  <testcase name="testGetProductCatalogueLoad" time="2.004" classname="cool.fountain.online.web.test.catalogue.master.TestGetProductCatalogueApiTestNg">
    <failure type="java.lang.AssertionError" message="Response time of GetProductCatalogue call more than: 500 expected [true] but found [false]">
      <![CDATA[java.lang.AssertionError: Response time of GetProductCatalogue call more than: 500 expected [true] but found [false]
	at cool.fountain.online.web.test.catalogue.master.TestGetProductCatalogueApiTestNg.testGetProductCatalogueLoad(TestGetProductCatalogueApiTestNg.java:76)
	at org.springframework.test.context.testng.AbstractTestNGSpringContextTests.run(AbstractTestNGSpringContextTests.java:180)
	at java.util.concurrent.FutureTask.run(FutureTask.java:266)
	at java.util.concurrent.ThreadPoolExecutor.runWorker(ThreadPoolExecutor.java:1149)
	at java.util.concurrent.ThreadPoolExecutor$Worker.run(ThreadPoolExecutor.java:624)
	at java.lang.Thread.run(Thread.java:748)
... Removed 18 stack frames]]>
    </failure>
  </testcase> <!-- testGetProductCatalogueLoad -->
  <testcase name="testGetProductCatalogueLoad" time="1.497" classname="cool.fountain.online.web.test.catalogue.master.TestGetProductCatalogueApiTestNg">
    <failure type="java.lang.AssertionError" message="Response time of GetProductCatalogue call more than: 500 expected [true] but found [false]">
      <![CDATA[java.lang.AssertionError: Response time of GetProductCatalogue call more than: 500 expected [true] but found [false]
	at cool.fountain.online.web.test.catalogue.master.TestGetProductCatalogueApiTestNg.testGetProductCatalogueLoad(TestGetProductCatalogueApiTestNg.java:76)
	at org.springframework.test.context.testng.AbstractTestNGSpringContextTests.run(AbstractTestNGSpringContextTests.java:180)
	at java.util.concurrent.FutureTask.run(FutureTask.java:266)
	at java.util.concurrent.ThreadPoolExecutor.runWorker(ThreadPoolExecutor.java:1149)
	at java.util.concurrent.ThreadPoolExecutor$Worker.run(ThreadPoolExecutor.java:624)
	at java.lang.Thread.run(Thread.java:748)
... Removed 18 stack frames]]>
    </failure>
  </testcase> <!-- testGetProductCatalogueLoad -->
  <testcase name="testGetProductCatalogueLoad" time="1.501" classname="cool.fountain.online.web.test.catalogue.master.TestGetProductCatalogueApiTestNg">
    <failure type="java.lang.AssertionError" message="Response time of GetProductCatalogue call more than: 500 expected [true] but found [false]">
      <![CDATA[java.lang.AssertionError: Response time of GetProductCatalogue call more than: 500 expected [true] but found [false]
	at cool.fountain.online.web.test.catalogue.master.TestGetProductCatalogueApiTestNg.testGetProductCatalogueLoad(TestGetProductCatalogueApiTestNg.java:76)
	at org.springframework.test.context.testng.AbstractTestNGSpringContextTests.run(AbstractTestNGSpringContextTests.java:180)
	at java.util.concurrent.FutureTask.run(FutureTask.java:266)
	at java.util.concurrent.ThreadPoolExecutor.runWorker(ThreadPoolExecutor.java:1149)
	at java.util.concurrent.ThreadPoolExecutor$Worker.run(ThreadPoolExecutor.java:624)
	at java.lang.Thread.run(Thread.java:748)
... Removed 18 stack frames]]>
    </failure>
  </testcase> <!-- testGetProductCatalogueLoad -->
  <testcase name="testGetProductCatalogueLoad" time="1.427" classname="cool.fountain.online.web.test.catalogue.master.TestGetProductCatalogueApiTestNg">
    <failure type="java.lang.AssertionError" message="Response time of GetProductCatalogue call more than: 500 expected [true] but found [false]">
      <![CDATA[java.lang.AssertionError: Response time of GetProductCatalogue call more than: 500 expected [true] but found [false]
	at cool.fountain.online.web.test.catalogue.master.TestGetProductCatalogueApiTestNg.testGetProductCatalogueLoad(TestGetProductCatalogueApiTestNg.java:76)
	at org.springframework.test.context.testng.AbstractTestNGSpringContextTests.run(AbstractTestNGSpringContextTests.java:180)
	at java.util.concurrent.FutureTask.run(FutureTask.java:266)
	at java.util.concurrent.ThreadPoolExecutor.runWorker(ThreadPoolExecutor.java:1149)
	at java.util.concurrent.ThreadPoolExecutor$Worker.run(ThreadPoolExecutor.java:624)
	at java.lang.Thread.run(Thread.java:748)
... Removed 18 stack frames]]>
    </failure>
  </testcase> <!-- testGetProductCatalogueLoad -->
  <testcase name="testGetProductCatalogueLoad" time="1.607" classname="cool.fountain.online.web.test.catalogue.master.TestGetProductCatalogueApiTestNg">
    <failure type="java.lang.AssertionError" message="Response time of GetProductCatalogue call more than: 500 expected [true] but found [false]">
      <![CDATA[java.lang.AssertionError: Response time of GetProductCatalogue call more than: 500 expected [true] but found [false]
	at cool.fountain.online.web.test.catalogue.master.TestGetProductCatalogueApiTestNg.testGetProductCatalogueLoad(TestGetProductCatalogueApiTestNg.java:76)
	at org.springframework.test.context.testng.AbstractTestNGSpringContextTests.run(AbstractTestNGSpringContextTests.java:180)
	at java.util.concurrent.FutureTask.run(FutureTask.java:266)
	at java.util.concurrent.ThreadPoolExecutor.runWorker(ThreadPoolExecutor.java:1149)
	at java.util.concurrent.ThreadPoolExecutor$Worker.run(ThreadPoolExecutor.java:624)
	at java.lang.Thread.run(Thread.java:748)
... Removed 18 stack frames]]>
    </failure>
  </testcase> <!-- testGetProductCatalogueLoad -->
  <testcase name="testGetProductCatalogueLoad" time="1.591" classname="cool.fountain.online.web.test.catalogue.master.TestGetProductCatalogueApiTestNg">
    <failure type="java.lang.AssertionError" message="Response time of GetProductCatalogue call more than: 500 expected [true] but found [false]">
      <![CDATA[java.lang.AssertionError: Response time of GetProductCatalogue call more than: 500 expected [true] but found [false]
	at cool.fountain.online.web.test.catalogue.master.TestGetProductCatalogueApiTestNg.testGetProductCatalogueLoad(TestGetProductCatalogueApiTestNg.java:76)
	at org.springframework.test.context.testng.AbstractTestNGSpringContextTests.run(AbstractTestNGSpringContextTests.java:180)
	at java.util.concurrent.FutureTask.run(FutureTask.java:266)
	at java.util.concurrent.ThreadPoolExecutor.runWorker(ThreadPoolExecutor.java:1149)
	at java.util.concurrent.ThreadPoolExecutor$Worker.run(ThreadPoolExecutor.java:624)
	at java.lang.Thread.run(Thread.java:748)
... Removed 18 stack frames]]>
    </failure>
  </testcase> <!-- testGetProductCatalogueLoad -->
  <testcase name="testGetProductCatalogueLoad" time="1.785" classname="cool.fountain.online.web.test.catalogue.master.TestGetProductCatalogueApiTestNg">
    <failure type="java.lang.AssertionError" message="Response time of GetProductCatalogue call more than: 500 expected [true] but found [false]">
      <![CDATA[java.lang.AssertionError: Response time of GetProductCatalogue call more than: 500 expected [true] but found [false]
	at cool.fountain.online.web.test.catalogue.master.TestGetProductCatalogueApiTestNg.testGetProductCatalogueLoad(TestGetProductCatalogueApiTestNg.java:76)
	at org.springframework.test.context.testng.AbstractTestNGSpringContextTests.run(AbstractTestNGSpringContextTests.java:180)
	at java.util.concurrent.FutureTask.run(FutureTask.java:266)
	at java.util.concurrent.ThreadPoolExecutor.runWorker(ThreadPoolExecutor.java:1149)
	at java.util.concurrent.ThreadPoolExecutor$Worker.run(ThreadPoolExecutor.java:624)
	at java.lang.Thread.run(Thread.java:748)
... Removed 18 stack frames]]>
    </failure>
  </testcase> <!-- testGetProductCatalogueLoad -->
  <testcase name="testGetProductCatalogueLoad" time="0.973" classname="cool.fountain.online.web.test.catalogue.master.TestGetProductCatalogueApiTestNg">
    <failure type="java.lang.AssertionError" message="Response time of GetProductCatalogue call more than: 500 expected [true] but found [false]">
      <![CDATA[java.lang.AssertionError: Response time of GetProductCatalogue call more than: 500 expected [true] but found [false]
	at cool.fountain.online.web.test.catalogue.master.TestGetProductCatalogueApiTestNg.testGetProductCatalogueLoad(TestGetProductCatalogueApiTestNg.java:76)
	at org.springframework.test.context.testng.AbstractTestNGSpringContextTests.run(AbstractTestNGSpringContextTests.java:180)
	at java.util.concurrent.FutureTask.run(FutureTask.java:266)
	at java.util.concurrent.ThreadPoolExecutor.runWorker(ThreadPoolExecutor.java:1149)
	at java.util.concurrent.ThreadPoolExecutor$Worker.run(ThreadPoolExecutor.java:624)
	at java.lang.Thread.run(Thread.java:748)
... Removed 18 stack frames]]>
    </failure>
  </testcase> <!-- testGetProductCatalogueLoad -->
  <testcase name="testGetProductCatalogueLoad" time="1.5" classname="cool.fountain.online.web.test.catalogue.master.TestGetProductCatalogueApiTestNg">
    <failure type="java.lang.AssertionError" message="Response time of GetProductCatalogue call more than: 500 expected [true] but found [false]">
      <![CDATA[java.lang.AssertionError: Response time of GetProductCatalogue call more than: 500 expected [true] but found [false]
	at cool.fountain.online.web.test.catalogue.master.TestGetProductCatalogueApiTestNg.testGetProductCatalogueLoad(TestGetProductCatalogueApiTestNg.java:76)
	at org.springframework.test.context.testng.AbstractTestNGSpringContextTests.run(AbstractTestNGSpringContextTests.java:180)
	at java.util.concurrent.FutureTask.run(FutureTask.java:266)
	at java.util.concurrent.ThreadPoolExecutor.runWorker(ThreadPoolExecutor.java:1149)
	at java.util.concurrent.ThreadPoolExecutor$Worker.run(ThreadPoolExecutor.java:624)
	at java.lang.Thread.run(Thread.java:748)
... Removed 18 stack frames]]>
    </failure>
  </testcase> <!-- testGetProductCatalogueLoad -->
  <testcase name="testGetProductCatalogueLoad" time="1.838" classname="cool.fountain.online.web.test.catalogue.master.TestGetProductCatalogueApiTestNg">
    <failure type="java.lang.AssertionError" message="Response time of GetProductCatalogue call more than: 500 expected [true] but found [false]">
      <![CDATA[java.lang.AssertionError: Response time of GetProductCatalogue call more than: 500 expected [true] but found [false]
	at cool.fountain.online.web.test.catalogue.master.TestGetProductCatalogueApiTestNg.testGetProductCatalogueLoad(TestGetProductCatalogueApiTestNg.java:76)
	at org.springframework.test.context.testng.AbstractTestNGSpringContextTests.run(AbstractTestNGSpringContextTests.java:180)
	at java.util.concurrent.FutureTask.run(FutureTask.java:266)
	at java.util.concurrent.ThreadPoolExecutor.runWorker(ThreadPoolExecutor.java:1149)
	at java.util.concurrent.ThreadPoolExecutor$Worker.run(ThreadPoolExecutor.java:624)
	at java.lang.Thread.run(Thread.java:748)
... Removed 18 stack frames]]>
    </failure>
  </testcase> <!-- testGetProductCatalogueLoad -->
  <testcase name="testGetProductCatalogueLoad" time="2.102" classname="cool.fountain.online.web.test.catalogue.master.TestGetProductCatalogueApiTestNg">
    <failure type="java.lang.AssertionError" message="Response time of GetProductCatalogue call more than: 500 expected [true] but found [false]">
      <![CDATA[java.lang.AssertionError: Response time of GetProductCatalogue call more than: 500 expected [true] but found [false]
	at cool.fountain.online.web.test.catalogue.master.TestGetProductCatalogueApiTestNg.testGetProductCatalogueLoad(TestGetProductCatalogueApiTestNg.java:76)
	at org.springframework.test.context.testng.AbstractTestNGSpringContextTests.run(AbstractTestNGSpringContextTests.java:180)
	at java.util.concurrent.FutureTask.run(FutureTask.java:266)
	at java.util.concurrent.ThreadPoolExecutor.runWorker(ThreadPoolExecutor.java:1149)
	at java.util.concurrent.ThreadPoolExecutor$Worker.run(ThreadPoolExecutor.java:624)
	at java.lang.Thread.run(Thread.java:748)
... Removed 18 stack frames]]>
    </failure>
  </testcase> <!-- testGetProductCatalogueLoad -->
  <testcase name="testGetProductCatalogueLoad" time="1.828" classname="cool.fountain.online.web.test.catalogue.master.TestGetProductCatalogueApiTestNg">
    <failure type="java.lang.AssertionError" message="Response time of GetProductCatalogue call more than: 500 expected [true] but found [false]">
      <![CDATA[java.lang.AssertionError: Response time of GetProductCatalogue call more than: 500 expected [true] but found [false]
	at cool.fountain.online.web.test.catalogue.master.TestGetProductCatalogueApiTestNg.testGetProductCatalogueLoad(TestGetProductCatalogueApiTestNg.java:76)
	at org.springframework.test.context.testng.AbstractTestNGSpringContextTests.run(AbstractTestNGSpringContextTests.java:180)
	at java.util.concurrent.FutureTask.run(FutureTask.java:266)
	at java.util.concurrent.ThreadPoolExecutor.runWorker(ThreadPoolExecutor.java:1149)
	at java.util.concurrent.ThreadPoolExecutor$Worker.run(ThreadPoolExecutor.java:624)
	at java.lang.Thread.run(Thread.java:748)
... Removed 18 stack frames]]>
    </failure>
  </testcase> <!-- testGetProductCatalogueLoad -->
  <testcase name="testGetProductCatalogueLoad" time="1.8" classname="cool.fountain.online.web.test.catalogue.master.TestGetProductCatalogueApiTestNg">
    <failure type="java.lang.AssertionError" message="Response time of GetProductCatalogue call more than: 500 expected [true] but found [false]">
      <![CDATA[java.lang.AssertionError: Response time of GetProductCatalogue call more than: 500 expected [true] but found [false]
	at cool.fountain.online.web.test.catalogue.master.TestGetProductCatalogueApiTestNg.testGetProductCatalogueLoad(TestGetProductCatalogueApiTestNg.java:76)
	at org.springframework.test.context.testng.AbstractTestNGSpringContextTests.run(AbstractTestNGSpringContextTests.java:180)
	at java.util.concurrent.FutureTask.run(FutureTask.java:266)
	at java.util.concurrent.ThreadPoolExecutor.runWorker(ThreadPoolExecutor.java:1149)
	at java.util.concurrent.ThreadPoolExecutor$Worker.run(ThreadPoolExecutor.java:624)
	at java.lang.Thread.run(Thread.java:748)
... Removed 18 stack frames]]>
    </failure>
  </testcase> <!-- testGetProductCatalogueLoad -->
  <testcase name="testGetProductCatalogueLoad" time="1.834" classname="cool.fountain.online.web.test.catalogue.master.TestGetProductCatalogueApiTestNg">
    <failure type="java.lang.AssertionError" message="Response time of GetProductCatalogue call more than: 500 expected [true] but found [false]">
      <![CDATA[java.lang.AssertionError: Response time of GetProductCatalogue call more than: 500 expected [true] but found [false]
	at cool.fountain.online.web.test.catalogue.master.TestGetProductCatalogueApiTestNg.testGetProductCatalogueLoad(TestGetProductCatalogueApiTestNg.java:76)
	at org.springframework.test.context.testng.AbstractTestNGSpringContextTests.run(AbstractTestNGSpringContextTests.java:180)
	at java.util.concurrent.FutureTask.run(FutureTask.java:266)
	at java.util.concurrent.ThreadPoolExecutor.runWorker(ThreadPoolExecutor.java:1149)
	at java.util.concurrent.ThreadPoolExecutor$Worker.run(ThreadPoolExecutor.java:624)
	at java.lang.Thread.run(Thread.java:748)
... Removed 18 stack frames]]>
    </failure>
  </testcase> <!-- testGetProductCatalogueLoad -->
  <testcase name="testGetProductCatalogueLoad" time="1.818" classname="cool.fountain.online.web.test.catalogue.master.TestGetProductCatalogueApiTestNg">
    <failure type="java.lang.AssertionError" message="Response time of GetProductCatalogue call more than: 500 expected [true] but found [false]">
      <![CDATA[java.lang.AssertionError: Response time of GetProductCatalogue call more than: 500 expected [true] but found [false]
	at cool.fountain.online.web.test.catalogue.master.TestGetProductCatalogueApiTestNg.testGetProductCatalogueLoad(TestGetProductCatalogueApiTestNg.java:76)
	at org.springframework.test.context.testng.AbstractTestNGSpringContextTests.run(AbstractTestNGSpringContextTests.java:180)
	at java.util.concurrent.FutureTask.run(FutureTask.java:266)
	at java.util.concurrent.ThreadPoolExecutor.runWorker(ThreadPoolExecutor.java:1149)
	at java.util.concurrent.ThreadPoolExecutor$Worker.run(ThreadPoolExecutor.java:624)
	at java.lang.Thread.run(Thread.java:748)
... Removed 18 stack frames]]>
    </failure>
  </testcase> <!-- testGetProductCatalogueLoad -->
  <testcase name="testGetProductCatalogueLoad" time="1.984" classname="cool.fountain.online.web.test.catalogue.master.TestGetProductCatalogueApiTestNg">
    <failure type="java.lang.AssertionError" message="Response time of GetProductCatalogue call more than: 500 expected [true] but found [false]">
      <![CDATA[java.lang.AssertionError: Response time of GetProductCatalogue call more than: 500 expected [true] but found [false]
	at cool.fountain.online.web.test.catalogue.master.TestGetProductCatalogueApiTestNg.testGetProductCatalogueLoad(TestGetProductCatalogueApiTestNg.java:76)
	at org.springframework.test.context.testng.AbstractTestNGSpringContextTests.run(AbstractTestNGSpringContextTests.java:180)
	at java.util.concurrent.FutureTask.run(FutureTask.java:266)
	at java.util.concurrent.ThreadPoolExecutor.runWorker(ThreadPoolExecutor.java:1149)
	at java.util.concurrent.ThreadPoolExecutor$Worker.run(ThreadPoolExecutor.java:624)
	at java.lang.Thread.run(Thread.java:748)
... Removed 18 stack frames]]>
    </failure>
  </testcase> <!-- testGetProductCatalogueLoad -->
  <testcase name="testGetProductCatalogueLoad" time="1.599" classname="cool.fountain.online.web.test.catalogue.master.TestGetProductCatalogueApiTestNg">
    <failure type="java.lang.AssertionError" message="Response time of GetProductCatalogue call more than: 500 expected [true] but found [false]">
      <![CDATA[java.lang.AssertionError: Response time of GetProductCatalogue call more than: 500 expected [true] but found [false]
	at cool.fountain.online.web.test.catalogue.master.TestGetProductCatalogueApiTestNg.testGetProductCatalogueLoad(TestGetProductCatalogueApiTestNg.java:76)
	at org.springframework.test.context.testng.AbstractTestNGSpringContextTests.run(AbstractTestNGSpringContextTests.java:180)
	at java.util.concurrent.FutureTask.run(FutureTask.java:266)
	at java.util.concurrent.ThreadPoolExecutor.runWorker(ThreadPoolExecutor.java:1149)
	at java.util.concurrent.ThreadPoolExecutor$Worker.run(ThreadPoolExecutor.java:624)
	at java.lang.Thread.run(Thread.java:748)
... Removed 18 stack frames]]>
    </failure>
  </testcase> <!-- testGetProductCatalogueLoad -->
  <testcase name="testGetProductCatalogueLoad" time="1.591" classname="cool.fountain.online.web.test.catalogue.master.TestGetProductCatalogueApiTestNg">
    <failure type="java.lang.AssertionError" message="Response time of GetProductCatalogue call more than: 500 expected [true] but found [false]">
      <![CDATA[java.lang.AssertionError: Response time of GetProductCatalogue call more than: 500 expected [true] but found [false]
	at cool.fountain.online.web.test.catalogue.master.TestGetProductCatalogueApiTestNg.testGetProductCatalogueLoad(TestGetProductCatalogueApiTestNg.java:76)
	at org.springframework.test.context.testng.AbstractTestNGSpringContextTests.run(AbstractTestNGSpringContextTests.java:180)
	at java.util.concurrent.FutureTask.run(FutureTask.java:266)
	at java.util.concurrent.ThreadPoolExecutor.runWorker(ThreadPoolExecutor.java:1149)
	at java.util.concurrent.ThreadPoolExecutor$Worker.run(ThreadPoolExecutor.java:624)
	at java.lang.Thread.run(Thread.java:748)
... Removed 18 stack frames]]>
    </failure>
  </testcase> <!-- testGetProductCatalogueLoad -->
</testsuite> <!-- getAllProductsLoadTest -->
